{"C:\\Projects\\external\\event_experience\\frontend\\src\\components\\features\\CheckIn.tsx": {"path":"C:\\Projects\\external\\event_experience\\frontend\\src\\components\\features\\CheckIn.tsx","all":false,"statementMap":{"0":{"start":{"line":1,"column":0},"end":{"line":1,"column":65}},"38":{"start":{"line":39,"column":0},"end":{"line":39,"column":35}},"39":{"start":{"line":40,"column":0},"end":{"line":40,"column":49}},"40":{"start":{"line":41,"column":0},"end":{"line":41,"column":56}},"41":{"start":{"line":42,"column":0},"end":{"line":42,"column":51}},"42":{"start":{"line":43,"column":0},"end":{"line":43,"column":67}},"43":{"start":{"line":44,"column":0},"end":{"line":44,"column":66}},"44":{"start":{"line":45,"column":0},"end":{"line":45,"column":58}},"45":{"start":{"line":46,"column":0},"end":{"line":46,"column":48}},"46":{"start":{"line":47,"column":0},"end":{"line":47,"column":54}},"50":{"start":{"line":51,"column":0},"end":{"line":51,"column":19}},"51":{"start":{"line":52,"column":0},"end":{"line":52,"column":20}},"52":{"start":{"line":53,"column":0},"end":{"line":53,"column":23}},"53":{"start":{"line":54,"column":0},"end":{"line":54,"column":19}},"54":{"start":{"line":55,"column":0},"end":{"line":55,"column":13}},"56":{"start":{"line":57,"column":0},"end":{"line":57,"column":59}},"57":{"start":{"line":58,"column":0},"end":{"line":58,"column":28}},"58":{"start":{"line":59,"column":0},"end":{"line":59,"column":23}},"59":{"start":{"line":60,"column":0},"end":{"line":60,"column":21}},"60":{"start":{"line":61,"column":0},"end":{"line":61,"column":20}},"61":{"start":{"line":62,"column":0},"end":{"line":62,"column":23}},"62":{"start":{"line":63,"column":0},"end":{"line":63,"column":19}},"63":{"start":{"line":64,"column":0},"end":{"line":64,"column":9}},"64":{"start":{"line":65,"column":0},"end":{"line":65,"column":68}},"65":{"start":{"line":66,"column":0},"end":{"line":66,"column":32}},"66":{"start":{"line":67,"column":0},"end":{"line":67,"column":27}},"67":{"start":{"line":68,"column":0},"end":{"line":68,"column":9}},"68":{"start":{"line":69,"column":0},"end":{"line":69,"column":21}},"69":{"start":{"line":70,"column":0},"end":{"line":70,"column":19}},"70":{"start":{"line":71,"column":0},"end":{"line":71,"column":71}},"71":{"start":{"line":72,"column":0},"end":{"line":72,"column":15}},"72":{"start":{"line":73,"column":0},"end":{"line":73,"column":24}},"73":{"start":{"line":74,"column":0},"end":{"line":74,"column":5}},"74":{"start":{"line":75,"column":0},"end":{"line":75,"column":9}},"76":{"start":{"line":77,"column":0},"end":{"line":77,"column":33}},"77":{"start":{"line":78,"column":0},"end":{"line":78,"column":32}},"78":{"start":{"line":79,"column":0},"end":{"line":79,"column":28}},"79":{"start":{"line":80,"column":0},"end":{"line":80,"column":35}},"80":{"start":{"line":81,"column":0},"end":{"line":81,"column":6}},"81":{"start":{"line":82,"column":0},"end":{"line":82,"column":20}},"82":{"start":{"line":83,"column":0},"end":{"line":83,"column":4}},"84":{"start":{"line":85,"column":0},"end":{"line":85,"column":50}},"85":{"start":{"line":86,"column":0},"end":{"line":86,"column":36}},"86":{"start":{"line":87,"column":0},"end":{"line":87,"column":34}},"88":{"start":{"line":89,"column":0},"end":{"line":89,"column":40}},"89":{"start":{"line":90,"column":0},"end":{"line":90,"column":55}},"90":{"start":{"line":91,"column":0},"end":{"line":91,"column":39}},"91":{"start":{"line":92,"column":0},"end":{"line":92,"column":24}},"93":{"start":{"line":94,"column":0},"end":{"line":94,"column":23}},"94":{"start":{"line":95,"column":0},"end":{"line":95,"column":22}},"95":{"start":{"line":96,"column":0},"end":{"line":96,"column":25}},"96":{"start":{"line":97,"column":0},"end":{"line":97,"column":21}},"98":{"start":{"line":99,"column":0},"end":{"line":99,"column":11}},"99":{"start":{"line":100,"column":0},"end":{"line":100,"column":48}},"100":{"start":{"line":101,"column":0},"end":{"line":101,"column":28}},"101":{"start":{"line":102,"column":0},"end":{"line":102,"column":40}},"102":{"start":{"line":103,"column":0},"end":{"line":103,"column":61}},"103":{"start":{"line":104,"column":0},"end":{"line":104,"column":15}},"104":{"start":{"line":105,"column":0},"end":{"line":105,"column":12}},"105":{"start":{"line":106,"column":0},"end":{"line":106,"column":10}},"107":{"start":{"line":108,"column":0},"end":{"line":108,"column":69}},"108":{"start":{"line":109,"column":0},"end":{"line":109,"column":34}},"109":{"start":{"line":110,"column":0},"end":{"line":110,"column":31}},"110":{"start":{"line":111,"column":0},"end":{"line":111,"column":11}},"112":{"start":{"line":113,"column":0},"end":{"line":113,"column":35}},"115":{"start":{"line":116,"column":0},"end":{"line":116,"column":23}},"116":{"start":{"line":117,"column":0},"end":{"line":117,"column":98}},"117":{"start":{"line":118,"column":0},"end":{"line":118,"column":12}},"118":{"start":{"line":119,"column":0},"end":{"line":119,"column":52}},"119":{"start":{"line":120,"column":0},"end":{"line":120,"column":16}},"120":{"start":{"line":121,"column":0},"end":{"line":121,"column":23}},"121":{"start":{"line":122,"column":0},"end":{"line":122,"column":93}},"122":{"start":{"line":123,"column":0},"end":{"line":123,"column":12}},"123":{"start":{"line":124,"column":0},"end":{"line":124,"column":9}},"124":{"start":{"line":125,"column":0},"end":{"line":125,"column":21}},"125":{"start":{"line":126,"column":0},"end":{"line":126,"column":75}},"126":{"start":{"line":127,"column":0},"end":{"line":127,"column":17}},"127":{"start":{"line":128,"column":0},"end":{"line":128,"column":26}},"128":{"start":{"line":129,"column":0},"end":{"line":129,"column":66}},"129":{"start":{"line":130,"column":0},"end":{"line":130,"column":7}},"130":{"start":{"line":131,"column":0},"end":{"line":131,"column":6}},"131":{"start":{"line":132,"column":0},"end":{"line":132,"column":20}},"132":{"start":{"line":133,"column":0},"end":{"line":133,"column":4}},"134":{"start":{"line":135,"column":0},"end":{"line":135,"column":10}},"135":{"start":{"line":136,"column":0},"end":{"line":136,"column":31}},"136":{"start":{"line":137,"column":0},"end":{"line":137,"column":11}},"137":{"start":{"line":138,"column":0},"end":{"line":138,"column":69}},"138":{"start":{"line":139,"column":0},"end":{"line":139,"column":50}},"141":{"start":{"line":142,"column":0},"end":{"line":142,"column":12}},"142":{"start":{"line":143,"column":0},"end":{"line":143,"column":12}},"144":{"start":{"line":145,"column":0},"end":{"line":145,"column":86}},"145":{"start":{"line":146,"column":0},"end":{"line":146,"column":16}},"146":{"start":{"line":147,"column":0},"end":{"line":147,"column":34}},"147":{"start":{"line":148,"column":0},"end":{"line":148,"column":41}},"148":{"start":{"line":149,"column":0},"end":{"line":149,"column":50}},"149":{"start":{"line":150,"column":0},"end":{"line":150,"column":25}},"150":{"start":{"line":151,"column":0},"end":{"line":151,"column":10}},"151":{"start":{"line":152,"column":0},"end":{"line":152,"column":16}},"152":{"start":{"line":153,"column":0},"end":{"line":153,"column":32}},"153":{"start":{"line":154,"column":0},"end":{"line":154,"column":39}},"154":{"start":{"line":155,"column":0},"end":{"line":155,"column":51}},"155":{"start":{"line":156,"column":0},"end":{"line":156,"column":26}},"156":{"start":{"line":157,"column":0},"end":{"line":157,"column":10}},"157":{"start":{"line":158,"column":0},"end":{"line":158,"column":16}},"158":{"start":{"line":159,"column":0},"end":{"line":159,"column":35}},"159":{"start":{"line":160,"column":0},"end":{"line":160,"column":42}},"160":{"start":{"line":161,"column":0},"end":{"line":161,"column":51}},"161":{"start":{"line":162,"column":0},"end":{"line":162,"column":29}},"162":{"start":{"line":163,"column":0},"end":{"line":163,"column":10}},"163":{"start":{"line":164,"column":0},"end":{"line":164,"column":12}},"165":{"start":{"line":166,"column":0},"end":{"line":166,"column":81}},"166":{"start":{"line":167,"column":0},"end":{"line":167,"column":29}},"167":{"start":{"line":168,"column":0},"end":{"line":168,"column":92}},"168":{"start":{"line":169,"column":0},"end":{"line":169,"column":73}},"169":{"start":{"line":170,"column":0},"end":{"line":170,"column":50}},"170":{"start":{"line":171,"column":0},"end":{"line":171,"column":18}},"171":{"start":{"line":172,"column":0},"end":{"line":172,"column":17}},"172":{"start":{"line":173,"column":0},"end":{"line":173,"column":63}},"174":{"start":{"line":175,"column":0},"end":{"line":175,"column":18}},"175":{"start":{"line":176,"column":0},"end":{"line":176,"column":56}},"178":{"start":{"line":179,"column":0},"end":{"line":179,"column":18}},"179":{"start":{"line":180,"column":0},"end":{"line":180,"column":18}},"180":{"start":{"line":181,"column":0},"end":{"line":181,"column":19}},"181":{"start":{"line":182,"column":0},"end":{"line":182,"column":27}},"182":{"start":{"line":183,"column":0},"end":{"line":183,"column":50}},"183":{"start":{"line":184,"column":0},"end":{"line":184,"column":32}},"184":{"start":{"line":185,"column":0},"end":{"line":185,"column":192}},"186":{"start":{"line":187,"column":0},"end":{"line":187,"column":47}},"188":{"start":{"line":189,"column":0},"end":{"line":189,"column":21}},"189":{"start":{"line":190,"column":0},"end":{"line":190,"column":16}},"192":{"start":{"line":193,"column":0},"end":{"line":193,"column":27}},"193":{"start":{"line":194,"column":0},"end":{"line":194,"column":37}},"194":{"start":{"line":195,"column":0},"end":{"line":195,"column":18}},"195":{"start":{"line":196,"column":0},"end":{"line":196,"column":41}},"196":{"start":{"line":197,"column":0},"end":{"line":197,"column":65}},"197":{"start":{"line":198,"column":0},"end":{"line":198,"column":13}},"199":{"start":{"line":200,"column":0},"end":{"line":200,"column":20}},"200":{"start":{"line":201,"column":0},"end":{"line":201,"column":61}},"201":{"start":{"line":202,"column":0},"end":{"line":202,"column":20}},"202":{"start":{"line":203,"column":0},"end":{"line":203,"column":38}},"203":{"start":{"line":204,"column":0},"end":{"line":204,"column":27}},"204":{"start":{"line":205,"column":0},"end":{"line":205,"column":34}},"205":{"start":{"line":206,"column":0},"end":{"line":206,"column":63}},"206":{"start":{"line":207,"column":0},"end":{"line":207,"column":72}},"207":{"start":{"line":208,"column":0},"end":{"line":208,"column":43}},"208":{"start":{"line":209,"column":0},"end":{"line":209,"column":34}},"209":{"start":{"line":210,"column":0},"end":{"line":210,"column":34}},"210":{"start":{"line":211,"column":0},"end":{"line":211,"column":162}},"211":{"start":{"line":212,"column":0},"end":{"line":212,"column":16}},"212":{"start":{"line":213,"column":0},"end":{"line":213,"column":21}},"213":{"start":{"line":214,"column":0},"end":{"line":214,"column":29}},"214":{"start":{"line":215,"column":0},"end":{"line":215,"column":40}},"215":{"start":{"line":216,"column":0},"end":{"line":216,"column":56}},"216":{"start":{"line":217,"column":0},"end":{"line":217,"column":197}},"218":{"start":{"line":219,"column":0},"end":{"line":219,"column":63}},"220":{"start":{"line":221,"column":0},"end":{"line":221,"column":23}},"221":{"start":{"line":222,"column":0},"end":{"line":222,"column":18}},"222":{"start":{"line":223,"column":0},"end":{"line":223,"column":16}},"225":{"start":{"line":226,"column":0},"end":{"line":226,"column":30}},"226":{"start":{"line":227,"column":0},"end":{"line":227,"column":37}},"227":{"start":{"line":228,"column":0},"end":{"line":228,"column":18}},"228":{"start":{"line":229,"column":0},"end":{"line":229,"column":36}},"229":{"start":{"line":230,"column":0},"end":{"line":230,"column":65}},"230":{"start":{"line":231,"column":0},"end":{"line":231,"column":13}},"232":{"start":{"line":233,"column":0},"end":{"line":233,"column":20}},"233":{"start":{"line":234,"column":0},"end":{"line":234,"column":18}},"234":{"start":{"line":235,"column":0},"end":{"line":235,"column":31}},"235":{"start":{"line":236,"column":0},"end":{"line":236,"column":32}},"236":{"start":{"line":237,"column":0},"end":{"line":237,"column":25}},"237":{"start":{"line":238,"column":0},"end":{"line":238,"column":30}},"238":{"start":{"line":239,"column":0},"end":{"line":239,"column":35}},"239":{"start":{"line":240,"column":0},"end":{"line":240,"column":42}},"240":{"start":{"line":241,"column":0},"end":{"line":241,"column":32}},"241":{"start":{"line":242,"column":0},"end":{"line":242,"column":211}},"242":{"start":{"line":243,"column":0},"end":{"line":243,"column":14}},"243":{"start":{"line":244,"column":0},"end":{"line":244,"column":25}},"244":{"start":{"line":245,"column":0},"end":{"line":245,"column":82}},"245":{"start":{"line":246,"column":0},"end":{"line":246,"column":50}},"247":{"start":{"line":248,"column":0},"end":{"line":248,"column":18}},"249":{"start":{"line":250,"column":0},"end":{"line":250,"column":27}},"250":{"start":{"line":251,"column":0},"end":{"line":251,"column":83}},"251":{"start":{"line":252,"column":0},"end":{"line":252,"column":27}},"252":{"start":{"line":253,"column":0},"end":{"line":253,"column":18}},"254":{"start":{"line":255,"column":0},"end":{"line":255,"column":16}},"256":{"start":{"line":257,"column":0},"end":{"line":257,"column":12}},"258":{"start":{"line":259,"column":0},"end":{"line":259,"column":18}},"259":{"start":{"line":260,"column":0},"end":{"line":260,"column":105}},"260":{"start":{"line":261,"column":0},"end":{"line":261,"column":80}},"261":{"start":{"line":262,"column":0},"end":{"line":262,"column":15}},"262":{"start":{"line":263,"column":0},"end":{"line":263,"column":64}},"263":{"start":{"line":264,"column":0},"end":{"line":264,"column":27}},"264":{"start":{"line":265,"column":0},"end":{"line":265,"column":16}},"265":{"start":{"line":266,"column":0},"end":{"line":266,"column":70}},"266":{"start":{"line":267,"column":0},"end":{"line":267,"column":74}},"267":{"start":{"line":268,"column":0},"end":{"line":268,"column":34}},"268":{"start":{"line":269,"column":0},"end":{"line":269,"column":16}},"269":{"start":{"line":270,"column":0},"end":{"line":270,"column":16}},"270":{"start":{"line":271,"column":0},"end":{"line":271,"column":14}},"273":{"start":{"line":274,"column":0},"end":{"line":274,"column":17}},"274":{"start":{"line":275,"column":0},"end":{"line":275,"column":78}},"275":{"start":{"line":276,"column":0},"end":{"line":276,"column":70}},"276":{"start":{"line":277,"column":0},"end":{"line":277,"column":19}},"277":{"start":{"line":278,"column":0},"end":{"line":278,"column":14}},"278":{"start":{"line":279,"column":0},"end":{"line":279,"column":14}},"281":{"start":{"line":282,"column":0},"end":{"line":282,"column":23}},"282":{"start":{"line":283,"column":0},"end":{"line":283,"column":79}},"284":{"start":{"line":285,"column":0},"end":{"line":285,"column":10}},"286":{"start":{"line":287,"column":0},"end":{"line":287,"column":1}},"295":{"start":{"line":296,"column":0},"end":{"line":296,"column":66}},"296":{"start":{"line":297,"column":0},"end":{"line":297,"column":10}},"297":{"start":{"line":298,"column":0},"end":{"line":298,"column":11}},"298":{"start":{"line":299,"column":0},"end":{"line":299,"column":19}},"299":{"start":{"line":300,"column":0},"end":{"line":300,"column":16}},"300":{"start":{"line":301,"column":0},"end":{"line":301,"column":28}},"301":{"start":{"line":302,"column":0},"end":{"line":302,"column":23}},"302":{"start":{"line":303,"column":0},"end":{"line":303,"column":110}},"303":{"start":{"line":304,"column":0},"end":{"line":304,"column":14}},"304":{"start":{"line":305,"column":0},"end":{"line":305,"column":47}},"305":{"start":{"line":306,"column":0},"end":{"line":306,"column":76}},"306":{"start":{"line":307,"column":0},"end":{"line":307,"column":9}},"308":{"start":{"line":309,"column":0},"end":{"line":309,"column":12}},"309":{"start":{"line":310,"column":0},"end":{"line":310,"column":13}},"310":{"start":{"line":311,"column":0},"end":{"line":311,"column":13}},"312":{"start":{"line":313,"column":0},"end":{"line":313,"column":1}}},"s":{"0":1,"38":79,"39":79,"40":79,"41":79,"42":79,"43":79,"44":79,"45":79,"46":79,"50":79,"51":18,"52":18,"53":18,"54":79,"56":79,"57":6,"58":6,"59":6,"60":6,"61":6,"62":6,"63":6,"64":6,"65":6,"66":6,"67":6,"68":5,"69":6,"70":1,"71":6,"72":6,"73":6,"74":79,"76":79,"77":79,"78":1,"79":1,"80":1,"81":79,"82":79,"84":79,"85":4,"86":79,"88":79,"89":79,"90":2,"91":2,"93":2,"94":2,"95":2,"96":2,"98":2,"99":2,"100":2,"101":2,"102":2,"103":2,"104":2,"105":2,"107":2,"108":2,"109":2,"110":2,"112":2,"115":1,"116":1,"117":1,"118":1,"119":1,"120":1,"121":1,"122":1,"123":1,"124":2,"125":0,"126":2,"127":2,"128":2,"129":2,"130":2,"131":79,"132":79,"134":79,"135":79,"136":79,"137":79,"138":79,"141":79,"142":79,"144":79,"145":79,"146":79,"147":79,"148":79,"149":79,"150":79,"151":79,"152":79,"153":79,"154":79,"155":79,"156":79,"157":79,"158":79,"159":79,"160":79,"161":79,"162":79,"163":79,"165":79,"166":79,"167":17,"168":17,"169":17,"170":17,"171":17,"172":17,"174":17,"175":17,"178":17,"179":17,"180":17,"181":17,"182":17,"183":17,"184":17,"186":17,"188":17,"189":17,"192":79,"193":50,"194":50,"195":50,"196":50,"197":50,"199":50,"200":50,"201":50,"202":50,"203":50,"204":50,"205":50,"206":50,"207":50,"208":50,"209":50,"210":50,"211":50,"212":50,"213":50,"214":50,"215":50,"216":50,"218":50,"220":50,"221":50,"222":50,"225":79,"226":12,"227":12,"228":12,"229":12,"230":12,"232":12,"233":12,"234":12,"235":12,"236":12,"237":12,"238":12,"239":12,"240":12,"241":12,"242":12,"243":12,"244":3,"245":3,"247":3,"249":12,"250":1,"251":1,"252":1,"254":12,"256":79,"258":79,"259":7,"260":7,"261":7,"262":7,"263":7,"264":7,"265":7,"266":7,"267":7,"268":7,"269":7,"270":7,"273":79,"274":1,"275":1,"276":1,"277":1,"278":1,"281":79,"282":4,"284":79,"286":79,"295":204,"296":204,"297":204,"298":204,"299":204,"300":204,"301":204,"302":204,"303":204,"304":68,"305":136,"306":204,"308":204,"309":204,"310":204,"312":204},"branchMap":{"0":{"type":"branch","line":39,"loc":{"start":{"line":39,"column":0},"end":{"line":287,"column":1}},"locations":[{"start":{"line":39,"column":0},"end":{"line":287,"column":1}}]},"1":{"type":"branch","line":167,"loc":{"start":{"line":167,"column":18},"end":{"line":190,"column":16}},"locations":[{"start":{"line":167,"column":18},"end":{"line":190,"column":16}}]},"2":{"type":"branch","line":193,"loc":{"start":{"line":193,"column":18},"end":{"line":223,"column":16}},"locations":[{"start":{"line":193,"column":18},"end":{"line":223,"column":16}}]},"3":{"type":"branch","line":216,"loc":{"start":{"line":216,"column":26},"end":{"line":216,"column":56}},"locations":[{"start":{"line":216,"column":26},"end":{"line":216,"column":56}}]},"4":{"type":"branch","line":219,"loc":{"start":{"line":219,"column":17},"end":{"line":219,"column":63}},"locations":[{"start":{"line":219,"column":17},"end":{"line":219,"column":63}}]},"5":{"type":"branch","line":226,"loc":{"start":{"line":226,"column":18},"end":{"line":255,"column":16}},"locations":[{"start":{"line":226,"column":18},"end":{"line":255,"column":16}}]},"6":{"type":"branch","line":244,"loc":{"start":{"line":244,"column":13},"end":{"line":248,"column":18}},"locations":[{"start":{"line":244,"column":13},"end":{"line":248,"column":18}}]},"7":{"type":"branch","line":250,"loc":{"start":{"line":250,"column":13},"end":{"line":253,"column":18}},"locations":[{"start":{"line":250,"column":13},"end":{"line":253,"column":18}}]},"8":{"type":"branch","line":259,"loc":{"start":{"line":259,"column":7},"end":{"line":271,"column":14}},"locations":[{"start":{"line":259,"column":7},"end":{"line":271,"column":14}}]},"9":{"type":"branch","line":274,"loc":{"start":{"line":274,"column":7},"end":{"line":279,"column":14}},"locations":[{"start":{"line":274,"column":7},"end":{"line":279,"column":14}}]},"10":{"type":"branch","line":282,"loc":{"start":{"line":282,"column":7},"end":{"line":283,"column":79}},"locations":[{"start":{"line":282,"column":7},"end":{"line":283,"column":79}}]},"11":{"type":"branch","line":51,"loc":{"start":{"line":51,"column":12},"end":{"line":55,"column":5}},"locations":[{"start":{"line":51,"column":12},"end":{"line":55,"column":5}}]},"12":{"type":"branch","line":57,"loc":{"start":{"line":57,"column":36},"end":{"line":75,"column":5}},"locations":[{"start":{"line":57,"column":36},"end":{"line":75,"column":5}}]},"13":{"type":"branch","line":59,"loc":{"start":{"line":59,"column":16},"end":{"line":59,"column":23}},"locations":[{"start":{"line":59,"column":16},"end":{"line":59,"column":23}}]},"14":{"type":"branch","line":68,"loc":{"start":{"line":68,"column":7},"end":{"line":70,"column":13}},"locations":[{"start":{"line":68,"column":7},"end":{"line":70,"column":13}}]},"15":{"type":"branch","line":70,"loc":{"start":{"line":70,"column":4},"end":{"line":72,"column":6}},"locations":[{"start":{"line":70,"column":4},"end":{"line":72,"column":6}}]},"16":{"type":"branch","line":71,"loc":{"start":{"line":71,"column":42},"end":{"line":71,"column":69}},"locations":[{"start":{"line":71,"column":42},"end":{"line":71,"column":69}}]},"17":{"type":"branch","line":78,"loc":{"start":{"line":78,"column":4},"end":{"line":81,"column":6}},"locations":[{"start":{"line":78,"column":4},"end":{"line":81,"column":6}}]},"18":{"type":"branch","line":85,"loc":{"start":{"line":85,"column":37},"end":{"line":87,"column":5}},"locations":[{"start":{"line":85,"column":37},"end":{"line":87,"column":5}}]},"19":{"type":"branch","line":90,"loc":{"start":{"line":90,"column":4},"end":{"line":131,"column":6}},"locations":[{"start":{"line":90,"column":4},"end":{"line":131,"column":6}}]},"20":{"type":"branch","line":92,"loc":{"start":{"line":92,"column":17},"end":{"line":92,"column":24}},"locations":[{"start":{"line":92,"column":17},"end":{"line":92,"column":24}}]},"21":{"type":"branch","line":113,"loc":{"start":{"line":113,"column":34},"end":{"line":124,"column":9}},"locations":[{"start":{"line":113,"column":34},"end":{"line":124,"column":9}}]},"22":{"type":"branch","line":122,"loc":{"start":{"line":122,"column":57},"end":{"line":122,"column":68}},"locations":[{"start":{"line":122,"column":57},"end":{"line":122,"column":68}}]},"23":{"type":"branch","line":125,"loc":{"start":{"line":125,"column":6},"end":{"line":127,"column":8}},"locations":[{"start":{"line":125,"column":6},"end":{"line":127,"column":8}}]},"24":{"type":"branch","line":103,"loc":{"start":{"line":103,"column":12},"end":{"line":103,"column":61}},"locations":[{"start":{"line":103,"column":12},"end":{"line":103,"column":61}}]},"25":{"type":"branch","line":154,"loc":{"start":{"line":154,"column":19},"end":{"line":154,"column":39}},"locations":[{"start":{"line":154,"column":19},"end":{"line":154,"column":39}}]},"26":{"type":"branch","line":160,"loc":{"start":{"line":160,"column":19},"end":{"line":160,"column":42}},"locations":[{"start":{"line":160,"column":19},"end":{"line":160,"column":42}}]},"27":{"type":"branch","line":183,"loc":{"start":{"line":183,"column":23},"end":{"line":183,"column":50}},"locations":[{"start":{"line":183,"column":23},"end":{"line":183,"column":50}}]},"28":{"type":"branch","line":206,"loc":{"start":{"line":206,"column":26},"end":{"line":206,"column":63}},"locations":[{"start":{"line":206,"column":26},"end":{"line":206,"column":63}}]},"29":{"type":"branch","line":207,"loc":{"start":{"line":207,"column":27},"end":{"line":207,"column":72}},"locations":[{"start":{"line":207,"column":27},"end":{"line":207,"column":72}}]},"30":{"type":"branch","line":207,"loc":{"start":{"line":207,"column":44},"end":{"line":207,"column":72}},"locations":[{"start":{"line":207,"column":44},"end":{"line":207,"column":72}}]},"31":{"type":"branch","line":283,"loc":{"start":{"line":283,"column":48},"end":{"line":283,"column":77}},"locations":[{"start":{"line":283,"column":48},"end":{"line":283,"column":77}}]},"32":{"type":"branch","line":296,"loc":{"start":{"line":296,"column":0},"end":{"line":313,"column":1}},"locations":[{"start":{"line":296,"column":0},"end":{"line":313,"column":1}}]},"33":{"type":"branch","line":304,"loc":{"start":{"line":304,"column":8},"end":{"line":305,"column":47}},"locations":[{"start":{"line":304,"column":8},"end":{"line":305,"column":47}}]},"34":{"type":"branch","line":305,"loc":{"start":{"line":305,"column":12},"end":{"line":306,"column":76}},"locations":[{"start":{"line":305,"column":12},"end":{"line":306,"column":76}}]}},"b":{"0":[79],"1":[17],"2":[50],"3":[46],"4":[4],"5":[12],"6":[3],"7":[1],"8":[7],"9":[1],"10":[4],"11":[18],"12":[6],"13":[0],"14":[5],"15":[1],"16":[0],"17":[1],"18":[4],"19":[2],"20":[0],"21":[1],"22":[0],"23":[0],"24":[17],"25":[5],"26":[3],"27":[2],"28":[32],"29":[33],"30":[1],"31":[1],"32":[204],"33":[68],"34":[136]},"fnMap":{"0":{"name":"CheckIn","decl":{"start":{"line":39,"column":0},"end":{"line":287,"column":1}},"loc":{"start":{"line":39,"column":0},"end":{"line":287,"column":1}},"line":39},"1":{"name":"onClick","decl":{"start":{"line":148,"column":19},"end":{"line":148,"column":41}},"loc":{"start":{"line":148,"column":19},"end":{"line":148,"column":41}},"line":148},"2":{"name":"onClick","decl":{"start":{"line":154,"column":19},"end":{"line":154,"column":39}},"loc":{"start":{"line":154,"column":19},"end":{"line":154,"column":39}},"line":154},"3":{"name":"onClick","decl":{"start":{"line":160,"column":19},"end":{"line":160,"column":42}},"loc":{"start":{"line":160,"column":19},"end":{"line":160,"column":42}},"line":160},"4":{"name":"onClick","decl":{"start":{"line":183,"column":23},"end":{"line":183,"column":50}},"loc":{"start":{"line":183,"column":23},"end":{"line":183,"column":50}},"line":183},"5":{"name":"onChange","decl":{"start":{"line":206,"column":26},"end":{"line":206,"column":63}},"loc":{"start":{"line":206,"column":26},"end":{"line":206,"column":63}},"line":206},"6":{"name":"onKeyDown","decl":{"start":{"line":207,"column":27},"end":{"line":207,"column":72}},"loc":{"start":{"line":207,"column":27},"end":{"line":207,"column":72}},"line":207},"7":{"name":"onClose","decl":{"start":{"line":283,"column":48},"end":{"line":283,"column":77}},"loc":{"start":{"line":283,"column":48},"end":{"line":283,"column":77}},"line":283},"8":{"name":"ModeTab","decl":{"start":{"line":296,"column":0},"end":{"line":313,"column":1}},"loc":{"start":{"line":296,"column":0},"end":{"line":313,"column":1}},"line":296}},"f":{"0":79,"1":0,"2":5,"3":3,"4":2,"5":32,"6":33,"7":1,"8":204}}
,"C:\\Projects\\external\\event_experience\\frontend\\src\\components\\features\\ConciergeChat.tsx": {"path":"C:\\Projects\\external\\event_experience\\frontend\\src\\components\\features\\ConciergeChat.tsx","all":false,"statementMap":{"0":{"start":{"line":1,"column":0},"end":{"line":1,"column":54}},"5":{"start":{"line":6,"column":0},"end":{"line":6,"column":41}},"6":{"start":{"line":7,"column":0},"end":{"line":7,"column":62}},"7":{"start":{"line":8,"column":0},"end":{"line":8,"column":41}},"8":{"start":{"line":9,"column":0},"end":{"line":9,"column":52}},"9":{"start":{"line":10,"column":0},"end":{"line":10,"column":49}},"11":{"start":{"line":12,"column":0},"end":{"line":12,"column":44}},"12":{"start":{"line":13,"column":0},"end":{"line":13,"column":62}},"13":{"start":{"line":14,"column":0},"end":{"line":14,"column":9}},"15":{"start":{"line":16,"column":0},"end":{"line":16,"column":47}},"16":{"start":{"line":17,"column":0},"end":{"line":17,"column":30}},"17":{"start":{"line":18,"column":0},"end":{"line":18,"column":35}},"19":{"start":{"line":20,"column":0},"end":{"line":20,"column":34}},"20":{"start":{"line":21,"column":0},"end":{"line":21,"column":19}},"21":{"start":{"line":22,"column":0},"end":{"line":22,"column":20}},"22":{"start":{"line":23,"column":0},"end":{"line":23,"column":28}},"23":{"start":{"line":24,"column":0},"end":{"line":24,"column":6}},"25":{"start":{"line":26,"column":0},"end":{"line":26,"column":43}},"26":{"start":{"line":27,"column":0},"end":{"line":27,"column":25}},"27":{"start":{"line":28,"column":0},"end":{"line":28,"column":17}},"28":{"start":{"line":29,"column":0},"end":{"line":29,"column":23}},"30":{"start":{"line":31,"column":0},"end":{"line":31,"column":42}},"31":{"start":{"line":32,"column":0},"end":{"line":32,"column":17}},"32":{"start":{"line":33,"column":0},"end":{"line":33,"column":17}},"33":{"start":{"line":34,"column":0},"end":{"line":34,"column":72}},"34":{"start":{"line":35,"column":0},"end":{"line":35,"column":7}},"36":{"start":{"line":37,"column":0},"end":{"line":37,"column":51}},"37":{"start":{"line":38,"column":0},"end":{"line":38,"column":29}},"38":{"start":{"line":39,"column":0},"end":{"line":39,"column":43}},"39":{"start":{"line":40,"column":0},"end":{"line":40,"column":43}},"40":{"start":{"line":41,"column":0},"end":{"line":41,"column":39}},"41":{"start":{"line":42,"column":0},"end":{"line":42,"column":26}},"42":{"start":{"line":43,"column":0},"end":{"line":43,"column":41}},"43":{"start":{"line":44,"column":0},"end":{"line":44,"column":36}},"44":{"start":{"line":45,"column":0},"end":{"line":45,"column":10}},"45":{"start":{"line":46,"column":0},"end":{"line":46,"column":48}},"46":{"start":{"line":47,"column":0},"end":{"line":47,"column":9}},"47":{"start":{"line":48,"column":0},"end":{"line":48,"column":6}},"49":{"start":{"line":50,"column":0},"end":{"line":50,"column":9}},"50":{"start":{"line":51,"column":0},"end":{"line":51,"column":26}},"51":{"start":{"line":52,"column":0},"end":{"line":52,"column":29}},"52":{"start":{"line":53,"column":0},"end":{"line":53,"column":9}},"53":{"start":{"line":54,"column":0},"end":{"line":54,"column":41}},"54":{"start":{"line":55,"column":0},"end":{"line":55,"column":25}},"55":{"start":{"line":56,"column":0},"end":{"line":56,"column":31}},"56":{"start":{"line":57,"column":0},"end":{"line":57,"column":14}},"57":{"start":{"line":58,"column":0},"end":{"line":58,"column":10}},"58":{"start":{"line":59,"column":0},"end":{"line":59,"column":20}},"59":{"start":{"line":60,"column":0},"end":{"line":60,"column":35}},"60":{"start":{"line":61,"column":0},"end":{"line":61,"column":27}},"61":{"start":{"line":62,"column":0},"end":{"line":62,"column":10}},"62":{"start":{"line":63,"column":0},"end":{"line":63,"column":8}},"63":{"start":{"line":64,"column":0},"end":{"line":64,"column":19}},"64":{"start":{"line":65,"column":0},"end":{"line":65,"column":71}},"65":{"start":{"line":66,"column":0},"end":{"line":66,"column":40}},"66":{"start":{"line":67,"column":0},"end":{"line":67,"column":15}},"67":{"start":{"line":68,"column":0},"end":{"line":68,"column":26}},"68":{"start":{"line":69,"column":0},"end":{"line":69,"column":23}},"69":{"start":{"line":70,"column":0},"end":{"line":70,"column":5}},"70":{"start":{"line":71,"column":0},"end":{"line":71,"column":51}},"72":{"start":{"line":73,"column":0},"end":{"line":73,"column":36}},"73":{"start":{"line":74,"column":0},"end":{"line":74,"column":33}},"74":{"start":{"line":75,"column":0},"end":{"line":75,"column":45}},"75":{"start":{"line":76,"column":0},"end":{"line":76,"column":27}},"76":{"start":{"line":77,"column":0},"end":{"line":77,"column":22}},"77":{"start":{"line":78,"column":0},"end":{"line":78,"column":7}},"78":{"start":{"line":79,"column":0},"end":{"line":79,"column":6}},"79":{"start":{"line":80,"column":0},"end":{"line":80,"column":18}},"80":{"start":{"line":81,"column":0},"end":{"line":81,"column":4}},"82":{"start":{"line":83,"column":0},"end":{"line":83,"column":10}},"83":{"start":{"line":84,"column":0},"end":{"line":84,"column":57}},"84":{"start":{"line":85,"column":0},"end":{"line":85,"column":28}},"85":{"start":{"line":86,"column":0},"end":{"line":86,"column":73}},"86":{"start":{"line":87,"column":0},"end":{"line":87,"column":45}},"88":{"start":{"line":89,"column":0},"end":{"line":89,"column":12}},"89":{"start":{"line":90,"column":0},"end":{"line":90,"column":12}},"91":{"start":{"line":92,"column":0},"end":{"line":92,"column":103}},"92":{"start":{"line":93,"column":0},"end":{"line":93,"column":35}},"93":{"start":{"line":94,"column":0},"end":{"line":94,"column":67}},"94":{"start":{"line":95,"column":0},"end":{"line":95,"column":41}},"95":{"start":{"line":96,"column":0},"end":{"line":96,"column":49}},"96":{"start":{"line":97,"column":0},"end":{"line":97,"column":51}},"98":{"start":{"line":99,"column":0},"end":{"line":99,"column":18}},"99":{"start":{"line":100,"column":0},"end":{"line":100,"column":18}},"100":{"start":{"line":101,"column":0},"end":{"line":101,"column":16}},"103":{"start":{"line":104,"column":0},"end":{"line":104,"column":35}},"104":{"start":{"line":105,"column":0},"end":{"line":105,"column":14}},"105":{"start":{"line":106,"column":0},"end":{"line":106,"column":19}},"106":{"start":{"line":107,"column":0},"end":{"line":107,"column":87}},"108":{"start":{"line":109,"column":0},"end":{"line":109,"column":16}},"109":{"start":{"line":110,"column":0},"end":{"line":110,"column":88}},"110":{"start":{"line":111,"column":0},"end":{"line":111,"column":35}},"111":{"start":{"line":112,"column":0},"end":{"line":112,"column":45}},"112":{"start":{"line":113,"column":0},"end":{"line":113,"column":47}},"113":{"start":{"line":114,"column":0},"end":{"line":114,"column":17}},"115":{"start":{"line":116,"column":0},"end":{"line":116,"column":66}},"116":{"start":{"line":117,"column":0},"end":{"line":117,"column":86}},"117":{"start":{"line":118,"column":0},"end":{"line":118,"column":101}},"119":{"start":{"line":120,"column":0},"end":{"line":120,"column":18}},"120":{"start":{"line":121,"column":0},"end":{"line":121,"column":16}},"121":{"start":{"line":122,"column":0},"end":{"line":122,"column":11}},"122":{"start":{"line":123,"column":0},"end":{"line":123,"column":31}},"123":{"start":{"line":124,"column":0},"end":{"line":124,"column":12}},"125":{"start":{"line":126,"column":0},"end":{"line":126,"column":39}},"126":{"start":{"line":127,"column":0},"end":{"line":127,"column":14}},"127":{"start":{"line":128,"column":0},"end":{"line":128,"column":21}},"128":{"start":{"line":129,"column":0},"end":{"line":129,"column":23}},"129":{"start":{"line":130,"column":0},"end":{"line":130,"column":52}},"130":{"start":{"line":131,"column":0},"end":{"line":131,"column":35}},"131":{"start":{"line":132,"column":0},"end":{"line":132,"column":46}},"132":{"start":{"line":133,"column":0},"end":{"line":133,"column":30}},"133":{"start":{"line":134,"column":0},"end":{"line":134,"column":178}},"134":{"start":{"line":135,"column":0},"end":{"line":135,"column":10}},"135":{"start":{"line":136,"column":0},"end":{"line":136,"column":15}},"136":{"start":{"line":137,"column":0},"end":{"line":137,"column":31}},"137":{"start":{"line":138,"column":0},"end":{"line":138,"column":47}},"138":{"start":{"line":139,"column":0},"end":{"line":139,"column":145}},"139":{"start":{"line":140,"column":0},"end":{"line":140,"column":9}},"141":{"start":{"line":142,"column":0},"end":{"line":142,"column":17}},"142":{"start":{"line":143,"column":0},"end":{"line":143,"column":12}},"143":{"start":{"line":144,"column":0},"end":{"line":144,"column":10}},"145":{"start":{"line":146,"column":0},"end":{"line":146,"column":1}}},"s":{"0":1,"5":57,"6":57,"7":57,"8":57,"9":57,"11":57,"12":7,"13":57,"15":57,"16":4,"17":4,"19":4,"20":4,"21":4,"22":4,"23":4,"25":4,"26":4,"27":4,"28":4,"30":4,"31":4,"32":4,"33":4,"34":4,"36":4,"37":5,"38":5,"39":5,"40":5,"41":5,"42":5,"43":5,"44":5,"45":5,"46":5,"47":5,"49":4,"50":4,"51":4,"52":4,"53":4,"54":4,"55":4,"56":4,"57":4,"58":4,"59":4,"60":4,"61":4,"62":4,"63":4,"64":1,"65":1,"66":4,"67":3,"68":3,"69":3,"70":57,"72":57,"73":57,"74":48,"75":3,"76":3,"77":3,"78":48,"79":57,"80":57,"82":57,"83":57,"84":57,"85":57,"86":57,"88":57,"89":57,"91":57,"92":57,"93":50,"94":50,"95":50,"96":50,"98":50,"99":50,"100":50,"103":57,"104":14,"105":14,"106":14,"108":14,"109":14,"110":14,"111":7,"112":7,"113":14,"115":14,"116":14,"117":4,"119":14,"120":14,"121":57,"122":57,"123":57,"125":57,"126":57,"127":57,"128":57,"129":57,"130":57,"131":57,"132":57,"133":57,"134":57,"135":57,"136":57,"137":57,"138":57,"139":57,"141":57,"142":57,"143":57,"145":57},"branchMap":{"0":{"type":"branch","line":6,"loc":{"start":{"line":6,"column":0},"end":{"line":146,"column":1}},"locations":[{"start":{"line":6,"column":0},"end":{"line":146,"column":1}}]},"1":{"type":"branch","line":93,"loc":{"start":{"line":93,"column":29},"end":{"line":101,"column":16}},"locations":[{"start":{"line":93,"column":29},"end":{"line":101,"column":16}}]},"2":{"type":"branch","line":138,"loc":{"start":{"line":138,"column":32},"end":{"line":138,"column":47}},"locations":[{"start":{"line":138,"column":32},"end":{"line":138,"column":47}}]},"3":{"type":"branch","line":12,"loc":{"start":{"line":12,"column":37},"end":{"line":14,"column":5}},"locations":[{"start":{"line":12,"column":37},"end":{"line":14,"column":5}}]},"4":{"type":"branch","line":16,"loc":{"start":{"line":16,"column":34},"end":{"line":71,"column":5}},"locations":[{"start":{"line":16,"column":34},"end":{"line":71,"column":5}}]},"5":{"type":"branch","line":18,"loc":{"start":{"line":18,"column":28},"end":{"line":18,"column":35}},"locations":[{"start":{"line":18,"column":28},"end":{"line":18,"column":35}}]},"6":{"type":"branch","line":63,"loc":{"start":{"line":63,"column":6},"end":{"line":64,"column":13}},"locations":[{"start":{"line":63,"column":6},"end":{"line":64,"column":13}}]},"7":{"type":"branch","line":64,"loc":{"start":{"line":64,"column":4},"end":{"line":67,"column":6}},"locations":[{"start":{"line":64,"column":4},"end":{"line":67,"column":6}}]},"8":{"type":"branch","line":65,"loc":{"start":{"line":65,"column":45},"end":{"line":65,"column":71}},"locations":[{"start":{"line":65,"column":45},"end":{"line":65,"column":71}}]},"9":{"type":"branch","line":67,"loc":{"start":{"line":67,"column":4},"end":{"line":70,"column":5}},"locations":[{"start":{"line":67,"column":4},"end":{"line":70,"column":5}}]},"10":{"type":"branch","line":37,"loc":{"start":{"line":37,"column":30},"end":{"line":48,"column":6}},"locations":[{"start":{"line":37,"column":30},"end":{"line":48,"column":6}}]},"11":{"type":"branch","line":38,"loc":{"start":{"line":38,"column":18},"end":{"line":47,"column":7}},"locations":[{"start":{"line":38,"column":18},"end":{"line":47,"column":7}}]},"12":{"type":"branch","line":39,"loc":{"start":{"line":39,"column":31},"end":{"line":39,"column":43}},"locations":[{"start":{"line":39,"column":31},"end":{"line":39,"column":43}}]},"13":{"type":"branch","line":54,"loc":{"start":{"line":54,"column":32},"end":{"line":57,"column":12}},"locations":[{"start":{"line":54,"column":32},"end":{"line":57,"column":12}}]},"14":{"type":"branch","line":59,"loc":{"start":{"line":59,"column":8},"end":{"line":62,"column":10}},"locations":[{"start":{"line":59,"column":8},"end":{"line":62,"column":10}}]},"15":{"type":"branch","line":74,"loc":{"start":{"line":74,"column":4},"end":{"line":79,"column":6}},"locations":[{"start":{"line":74,"column":4},"end":{"line":79,"column":6}}]},"16":{"type":"branch","line":75,"loc":{"start":{"line":75,"column":20},"end":{"line":75,"column":44}},"locations":[{"start":{"line":75,"column":20},"end":{"line":75,"column":44}}]},"17":{"type":"branch","line":75,"loc":{"start":{"line":75,"column":44},"end":{"line":78,"column":7}},"locations":[{"start":{"line":75,"column":44},"end":{"line":78,"column":7}}]},"18":{"type":"branch","line":104,"loc":{"start":{"line":104,"column":22},"end":{"line":121,"column":16}},"locations":[{"start":{"line":104,"column":22},"end":{"line":121,"column":16}}]},"19":{"type":"branch","line":107,"loc":{"start":{"line":107,"column":44},"end":{"line":107,"column":69}},"locations":[{"start":{"line":107,"column":44},"end":{"line":107,"column":69}}]},"20":{"type":"branch","line":107,"loc":{"start":{"line":107,"column":53},"end":{"line":107,"column":84}},"locations":[{"start":{"line":107,"column":53},"end":{"line":107,"column":84}}]},"21":{"type":"branch","line":111,"loc":{"start":{"line":111,"column":29},"end":{"line":112,"column":45}},"locations":[{"start":{"line":111,"column":29},"end":{"line":112,"column":45}}]},"22":{"type":"branch","line":112,"loc":{"start":{"line":112,"column":20},"end":{"line":113,"column":47}},"locations":[{"start":{"line":112,"column":20},"end":{"line":113,"column":47}}]},"23":{"type":"branch","line":117,"loc":{"start":{"line":117,"column":28},"end":{"line":117,"column":56}},"locations":[{"start":{"line":117,"column":28},"end":{"line":117,"column":56}}]},"24":{"type":"branch","line":117,"loc":{"start":{"line":117,"column":43},"end":{"line":117,"column":86}},"locations":[{"start":{"line":117,"column":43},"end":{"line":117,"column":86}}]},"25":{"type":"branch","line":117,"loc":{"start":{"line":117,"column":80},"end":{"line":118,"column":101}},"locations":[{"start":{"line":117,"column":80},"end":{"line":118,"column":101}}]},"26":{"type":"branch","line":130,"loc":{"start":{"line":130,"column":20},"end":{"line":130,"column":52}},"locations":[{"start":{"line":130,"column":20},"end":{"line":130,"column":52}}]}},"b":{"0":[57],"1":[50],"2":[40],"3":[7],"4":[4],"5":[0],"6":[2],"7":[1],"8":[0],"9":[3],"10":[5],"11":[5],"12":[0],"13":[4],"14":[4],"15":[48],"16":[4],"17":[3],"18":[14],"19":[7],"20":[7],"21":[7],"22":[7],"23":[7],"24":[4],"25":[4],"26":[43]},"fnMap":{"0":{"name":"ConciergeChat","decl":{"start":{"line":6,"column":0},"end":{"line":146,"column":1}},"loc":{"start":{"line":6,"column":0},"end":{"line":146,"column":1}},"line":6},"1":{"name":"appendToAssistant","decl":{"start":{"line":37,"column":30},"end":{"line":48,"column":6}},"loc":{"start":{"line":37,"column":30},"end":{"line":48,"column":6}},"line":37},"2":{"name":"onChange","decl":{"start":{"line":130,"column":20},"end":{"line":130,"column":52}},"loc":{"start":{"line":130,"column":20},"end":{"line":130,"column":52}},"line":130}},"f":{"0":57,"1":5,"2":43}}
,"C:\\Projects\\external\\event_experience\\frontend\\src\\components\\features\\EngagementWall.tsx": {"path":"C:\\Projects\\external\\event_experience\\frontend\\src\\components\\features\\EngagementWall.tsx","all":false,"statementMap":{"0":{"start":{"line":1,"column":0},"end":{"line":1,"column":46}},"6":{"start":{"line":7,"column":0},"end":{"line":7,"column":59}},"13":{"start":{"line":14,"column":0},"end":{"line":14,"column":67}},"14":{"start":{"line":15,"column":0},"end":{"line":15,"column":29}},"15":{"start":{"line":16,"column":0},"end":{"line":16,"column":67}},"16":{"start":{"line":17,"column":0},"end":{"line":17,"column":61}},"17":{"start":{"line":18,"column":0},"end":{"line":18,"column":30}},"18":{"start":{"line":19,"column":0},"end":{"line":19,"column":27}},"19":{"start":{"line":20,"column":0},"end":{"line":20,"column":20}},"20":{"start":{"line":21,"column":0},"end":{"line":21,"column":5}},"22":{"start":{"line":23,"column":0},"end":{"line":23,"column":35}},"23":{"start":{"line":24,"column":0},"end":{"line":24,"column":30}},"24":{"start":{"line":25,"column":0},"end":{"line":25,"column":24}},"25":{"start":{"line":26,"column":0},"end":{"line":26,"column":59}},"26":{"start":{"line":27,"column":0},"end":{"line":27,"column":6}},"27":{"start":{"line":28,"column":0},"end":{"line":28,"column":17}},"28":{"start":{"line":29,"column":0},"end":{"line":29,"column":4}},"30":{"start":{"line":31,"column":0},"end":{"line":31,"column":76}},"31":{"start":{"line":32,"column":0},"end":{"line":32,"column":43}},"32":{"start":{"line":33,"column":0},"end":{"line":33,"column":15}},"33":{"start":{"line":34,"column":0},"end":{"line":34,"column":9}},"35":{"start":{"line":36,"column":0},"end":{"line":36,"column":10}},"36":{"start":{"line":37,"column":0},"end":{"line":37,"column":78}},"37":{"start":{"line":38,"column":0},"end":{"line":38,"column":87}},"39":{"start":{"line":40,"column":0},"end":{"line":40,"column":11}},"40":{"start":{"line":41,"column":0},"end":{"line":41,"column":44}},"41":{"start":{"line":42,"column":0},"end":{"line":42,"column":39}},"42":{"start":{"line":43,"column":0},"end":{"line":43,"column":17}},"43":{"start":{"line":44,"column":0},"end":{"line":44,"column":23}},"44":{"start":{"line":45,"column":0},"end":{"line":45,"column":47}},"45":{"start":{"line":46,"column":0},"end":{"line":46,"column":191}},"47":{"start":{"line":48,"column":0},"end":{"line":48,"column":32}},"48":{"start":{"line":49,"column":0},"end":{"line":49,"column":35}},"49":{"start":{"line":50,"column":0},"end":{"line":50,"column":66}},"50":{"start":{"line":51,"column":0},"end":{"line":51,"column":36}},"51":{"start":{"line":52,"column":0},"end":{"line":52,"column":21}},"52":{"start":{"line":53,"column":0},"end":{"line":53,"column":21}},"53":{"start":{"line":54,"column":0},"end":{"line":54,"column":19}},"54":{"start":{"line":55,"column":0},"end":{"line":55,"column":11}},"55":{"start":{"line":56,"column":0},"end":{"line":56,"column":12}},"56":{"start":{"line":57,"column":0},"end":{"line":57,"column":10}},"58":{"start":{"line":59,"column":0},"end":{"line":59,"column":1}},"60":{"start":{"line":61,"column":0},"end":{"line":61,"column":69}},"61":{"start":{"line":62,"column":0},"end":{"line":62,"column":29}},"62":{"start":{"line":63,"column":0},"end":{"line":63,"column":53}},"63":{"start":{"line":64,"column":0},"end":{"line":64,"column":67}},"64":{"start":{"line":65,"column":0},"end":{"line":65,"column":70}},"65":{"start":{"line":66,"column":0},"end":{"line":66,"column":30}},"66":{"start":{"line":67,"column":0},"end":{"line":67,"column":27}},"67":{"start":{"line":68,"column":0},"end":{"line":68,"column":19}},"68":{"start":{"line":69,"column":0},"end":{"line":69,"column":5}},"70":{"start":{"line":71,"column":0},"end":{"line":71,"column":50}},"71":{"start":{"line":72,"column":0},"end":{"line":72,"column":45}},"72":{"start":{"line":73,"column":0},"end":{"line":73,"column":29}},"73":{"start":{"line":74,"column":0},"end":{"line":74,"column":31}},"74":{"start":{"line":75,"column":0},"end":{"line":75,"column":23}},"75":{"start":{"line":76,"column":0},"end":{"line":76,"column":48}},"76":{"start":{"line":77,"column":0},"end":{"line":77,"column":17}},"77":{"start":{"line":78,"column":0},"end":{"line":78,"column":7}},"78":{"start":{"line":79,"column":0},"end":{"line":79,"column":23}},"79":{"start":{"line":80,"column":0},"end":{"line":80,"column":32}},"81":{"start":{"line":82,"column":0},"end":{"line":82,"column":36}},"82":{"start":{"line":83,"column":0},"end":{"line":83,"column":33}},"83":{"start":{"line":84,"column":0},"end":{"line":84,"column":45}},"84":{"start":{"line":85,"column":0},"end":{"line":85,"column":27}},"85":{"start":{"line":86,"column":0},"end":{"line":86,"column":25}},"86":{"start":{"line":87,"column":0},"end":{"line":87,"column":7}},"87":{"start":{"line":88,"column":0},"end":{"line":88,"column":6}},"88":{"start":{"line":89,"column":0},"end":{"line":89,"column":21}},"89":{"start":{"line":90,"column":0},"end":{"line":90,"column":4}},"91":{"start":{"line":92,"column":0},"end":{"line":92,"column":10}},"92":{"start":{"line":93,"column":0},"end":{"line":93,"column":78}},"93":{"start":{"line":94,"column":0},"end":{"line":94,"column":87}},"95":{"start":{"line":96,"column":0},"end":{"line":96,"column":11}},"97":{"start":{"line":98,"column":0},"end":{"line":98,"column":39}},"98":{"start":{"line":99,"column":0},"end":{"line":99,"column":14}},"99":{"start":{"line":100,"column":0},"end":{"line":100,"column":21}},"100":{"start":{"line":101,"column":0},"end":{"line":101,"column":29}},"101":{"start":{"line":102,"column":0},"end":{"line":102,"column":58}},"102":{"start":{"line":103,"column":0},"end":{"line":103,"column":35}},"103":{"start":{"line":104,"column":0},"end":{"line":104,"column":41}},"104":{"start":{"line":105,"column":0},"end":{"line":105,"column":25}},"105":{"start":{"line":106,"column":0},"end":{"line":106,"column":156}},"106":{"start":{"line":107,"column":0},"end":{"line":107,"column":10}},"107":{"start":{"line":108,"column":0},"end":{"line":108,"column":15}},"108":{"start":{"line":109,"column":0},"end":{"line":109,"column":34}},"109":{"start":{"line":110,"column":0},"end":{"line":110,"column":40}},"110":{"start":{"line":111,"column":0},"end":{"line":111,"column":143}},"111":{"start":{"line":112,"column":0},"end":{"line":112,"column":9}},"113":{"start":{"line":114,"column":0},"end":{"line":114,"column":17}},"114":{"start":{"line":115,"column":0},"end":{"line":115,"column":12}},"116":{"start":{"line":117,"column":0},"end":{"line":117,"column":18}},"117":{"start":{"line":118,"column":0},"end":{"line":118,"column":69}},"118":{"start":{"line":119,"column":0},"end":{"line":119,"column":36}},"119":{"start":{"line":120,"column":0},"end":{"line":120,"column":80}},"121":{"start":{"line":122,"column":0},"end":{"line":122,"column":59}},"122":{"start":{"line":123,"column":0},"end":{"line":123,"column":33}},"123":{"start":{"line":124,"column":0},"end":{"line":124,"column":15}},"124":{"start":{"line":125,"column":0},"end":{"line":125,"column":24}},"125":{"start":{"line":126,"column":0},"end":{"line":126,"column":57}},"127":{"start":{"line":128,"column":0},"end":{"line":128,"column":63}},"128":{"start":{"line":129,"column":0},"end":{"line":129,"column":72}},"129":{"start":{"line":130,"column":0},"end":{"line":130,"column":17}},"130":{"start":{"line":131,"column":0},"end":{"line":131,"column":13}},"131":{"start":{"line":132,"column":0},"end":{"line":132,"column":13}},"133":{"start":{"line":134,"column":0},"end":{"line":134,"column":10}},"135":{"start":{"line":136,"column":0},"end":{"line":136,"column":1}},"137":{"start":{"line":138,"column":0},"end":{"line":138,"column":85}},"138":{"start":{"line":139,"column":0},"end":{"line":139,"column":10}},"139":{"start":{"line":140,"column":0},"end":{"line":140,"column":35}},"140":{"start":{"line":141,"column":0},"end":{"line":141,"column":74}},"141":{"start":{"line":142,"column":0},"end":{"line":142,"column":61}},"142":{"start":{"line":143,"column":0},"end":{"line":143,"column":63}},"143":{"start":{"line":144,"column":0},"end":{"line":144,"column":14}},"145":{"start":{"line":146,"column":0},"end":{"line":146,"column":1}}},"s":{"0":1,"6":1,"13":10,"14":10,"15":10,"16":10,"17":10,"18":10,"19":10,"20":10,"22":10,"23":10,"24":2,"25":1,"26":2,"27":10,"28":10,"30":10,"31":3,"32":3,"33":10,"35":10,"36":10,"37":10,"39":10,"40":10,"41":10,"42":60,"43":60,"44":60,"45":60,"47":60,"48":60,"49":2,"50":2,"51":2,"52":58,"53":60,"54":10,"55":10,"56":10,"58":10,"60":53,"61":53,"62":53,"63":53,"64":53,"65":53,"66":53,"67":53,"68":53,"70":53,"71":3,"72":3,"73":3,"74":3,"75":3,"76":3,"77":3,"78":3,"79":53,"81":53,"82":53,"83":42,"84":2,"85":2,"86":2,"87":42,"88":53,"89":53,"91":53,"92":53,"93":53,"95":53,"97":53,"98":53,"99":53,"100":53,"101":53,"102":53,"103":53,"104":53,"105":53,"106":53,"107":53,"108":53,"109":53,"110":53,"111":53,"113":53,"114":53,"116":53,"117":1,"118":52,"119":51,"121":1,"122":1,"123":2,"124":2,"125":2,"127":2,"128":2,"129":2,"130":1,"131":1,"133":53,"135":53,"137":10,"138":10,"139":10,"140":10,"141":10,"142":10,"143":10,"145":10},"branchMap":{"0":{"type":"branch","line":14,"loc":{"start":{"line":14,"column":0},"end":{"line":59,"column":1}},"locations":[{"start":{"line":14,"column":0},"end":{"line":59,"column":1}}]},"1":{"type":"branch","line":24,"loc":{"start":{"line":24,"column":4},"end":{"line":27,"column":6}},"locations":[{"start":{"line":24,"column":4},"end":{"line":27,"column":6}}]},"2":{"type":"branch","line":25,"loc":{"start":{"line":25,"column":17},"end":{"line":26,"column":59}},"locations":[{"start":{"line":25,"column":17},"end":{"line":26,"column":59}}]},"3":{"type":"branch","line":31,"loc":{"start":{"line":31,"column":63},"end":{"line":34,"column":5}},"locations":[{"start":{"line":31,"column":63},"end":{"line":34,"column":5}}]},"4":{"type":"branch","line":32,"loc":{"start":{"line":32,"column":31},"end":{"line":32,"column":41}},"locations":[{"start":{"line":32,"column":31},"end":{"line":32,"column":41}}]},"5":{"type":"branch","line":42,"loc":{"start":{"line":42,"column":27},"end":{"line":54,"column":19}},"locations":[{"start":{"line":42,"column":27},"end":{"line":54,"column":19}}]},"6":{"type":"branch","line":49,"loc":{"start":{"line":49,"column":30},"end":{"line":52,"column":21}},"locations":[{"start":{"line":49,"column":30},"end":{"line":52,"column":21}}]},"7":{"type":"branch","line":52,"loc":{"start":{"line":52,"column":14},"end":{"line":53,"column":21}},"locations":[{"start":{"line":52,"column":14},"end":{"line":53,"column":21}}]},"8":{"type":"branch","line":45,"loc":{"start":{"line":45,"column":21},"end":{"line":45,"column":47}},"locations":[{"start":{"line":45,"column":21},"end":{"line":45,"column":47}}]},"9":{"type":"branch","line":61,"loc":{"start":{"line":61,"column":0},"end":{"line":136,"column":1}},"locations":[{"start":{"line":61,"column":0},"end":{"line":136,"column":1}}]},"10":{"type":"branch","line":117,"loc":{"start":{"line":117,"column":7},"end":{"line":118,"column":69}},"locations":[{"start":{"line":117,"column":7},"end":{"line":118,"column":69}}]},"11":{"type":"branch","line":118,"loc":{"start":{"line":118,"column":65},"end":{"line":132,"column":13}},"locations":[{"start":{"line":118,"column":65},"end":{"line":132,"column":13}}]},"12":{"type":"branch","line":119,"loc":{"start":{"line":119,"column":31},"end":{"line":120,"column":80}},"locations":[{"start":{"line":119,"column":31},"end":{"line":120,"column":80}}]},"13":{"type":"branch","line":120,"loc":{"start":{"line":120,"column":76},"end":{"line":132,"column":13}},"locations":[{"start":{"line":120,"column":76},"end":{"line":132,"column":13}}]},"14":{"type":"branch","line":71,"loc":{"start":{"line":71,"column":37},"end":{"line":80,"column":5}},"locations":[{"start":{"line":71,"column":37},"end":{"line":80,"column":5}}]},"15":{"type":"branch","line":72,"loc":{"start":{"line":72,"column":38},"end":{"line":72,"column":45}},"locations":[{"start":{"line":72,"column":38},"end":{"line":72,"column":45}}]},"16":{"type":"branch","line":76,"loc":{"start":{"line":76,"column":21},"end":{"line":76,"column":48}},"locations":[{"start":{"line":76,"column":21},"end":{"line":76,"column":48}}]},"17":{"type":"branch","line":83,"loc":{"start":{"line":83,"column":4},"end":{"line":88,"column":6}},"locations":[{"start":{"line":83,"column":4},"end":{"line":88,"column":6}}]},"18":{"type":"branch","line":84,"loc":{"start":{"line":84,"column":20},"end":{"line":84,"column":44}},"locations":[{"start":{"line":84,"column":20},"end":{"line":84,"column":44}}]},"19":{"type":"branch","line":84,"loc":{"start":{"line":84,"column":44},"end":{"line":87,"column":7}},"locations":[{"start":{"line":84,"column":44},"end":{"line":87,"column":7}}]},"20":{"type":"branch","line":102,"loc":{"start":{"line":102,"column":20},"end":{"line":102,"column":58}},"locations":[{"start":{"line":102,"column":20},"end":{"line":102,"column":58}}]},"21":{"type":"branch","line":123,"loc":{"start":{"line":123,"column":25},"end":{"line":130,"column":17}},"locations":[{"start":{"line":123,"column":25},"end":{"line":130,"column":17}}]},"22":{"type":"branch","line":138,"loc":{"start":{"line":138,"column":0},"end":{"line":146,"column":1}},"locations":[{"start":{"line":138,"column":0},"end":{"line":146,"column":1}}]}},"b":{"0":[10],"1":[2],"2":[1],"3":[3],"4":[2],"5":[60],"6":[2],"7":[58],"8":[2],"9":[53],"10":[1],"11":[52],"12":[51],"13":[1],"14":[3],"15":[0],"16":[1],"17":[42],"18":[2],"19":[2],"20":[40],"21":[2],"22":[10]},"fnMap":{"0":{"name":"ReactionBar","decl":{"start":{"line":14,"column":0},"end":{"line":59,"column":1}},"loc":{"start":{"line":14,"column":0},"end":{"line":59,"column":1}},"line":14},"1":{"name":"onClick","decl":{"start":{"line":45,"column":21},"end":{"line":45,"column":47}},"loc":{"start":{"line":45,"column":21},"end":{"line":45,"column":47}},"line":45},"2":{"name":"QuestionBoard","decl":{"start":{"line":61,"column":0},"end":{"line":136,"column":1}},"loc":{"start":{"line":61,"column":0},"end":{"line":136,"column":1}},"line":61},"3":{"name":"onChange","decl":{"start":{"line":102,"column":20},"end":{"line":102,"column":58}},"loc":{"start":{"line":102,"column":20},"end":{"line":102,"column":58}},"line":102},"4":{"name":"EngagementWall","decl":{"start":{"line":138,"column":0},"end":{"line":146,"column":1}},"loc":{"start":{"line":138,"column":0},"end":{"line":146,"column":1}},"line":138}},"f":{"0":10,"1":2,"2":53,"3":40,"4":10}}
,"C:\\Projects\\external\\event_experience\\frontend\\src\\components\\features\\PhotoBoard.tsx": {"path":"C:\\Projects\\external\\event_experience\\frontend\\src\\components\\features\\PhotoBoard.tsx","all":false,"statementMap":{"0":{"start":{"line":1,"column":0},"end":{"line":1,"column":54}},"7":{"start":{"line":8,"column":0},"end":{"line":8,"column":38}},"8":{"start":{"line":9,"column":0},"end":{"line":9,"column":52}},"9":{"start":{"line":10,"column":0},"end":{"line":10,"column":60}},"10":{"start":{"line":11,"column":0},"end":{"line":11,"column":49}},"12":{"start":{"line":13,"column":0},"end":{"line":13,"column":57}},"13":{"start":{"line":14,"column":0},"end":{"line":14,"column":37}},"14":{"start":{"line":15,"column":0},"end":{"line":15,"column":74}},"15":{"start":{"line":16,"column":0},"end":{"line":16,"column":4}},"17":{"start":{"line":18,"column":0},"end":{"line":18,"column":35}},"18":{"start":{"line":19,"column":0},"end":{"line":19,"column":55}},"19":{"start":{"line":20,"column":0},"end":{"line":20,"column":39}},"20":{"start":{"line":21,"column":0},"end":{"line":21,"column":24}},"22":{"start":{"line":23,"column":0},"end":{"line":23,"column":25}},"23":{"start":{"line":24,"column":0},"end":{"line":24,"column":41}},"25":{"start":{"line":26,"column":0},"end":{"line":26,"column":11}},"26":{"start":{"line":27,"column":0},"end":{"line":27,"column":55}},"29":{"start":{"line":30,"column":0},"end":{"line":30,"column":37}},"30":{"start":{"line":31,"column":0},"end":{"line":31,"column":34}},"31":{"start":{"line":32,"column":0},"end":{"line":32,"column":30}},"32":{"start":{"line":33,"column":0},"end":{"line":33,"column":50}},"33":{"start":{"line":34,"column":0},"end":{"line":34,"column":11}},"35":{"start":{"line":36,"column":0},"end":{"line":36,"column":51}},"36":{"start":{"line":37,"column":0},"end":{"line":37,"column":33}},"37":{"start":{"line":38,"column":0},"end":{"line":38,"column":24}},"38":{"start":{"line":39,"column":0},"end":{"line":39,"column":65}},"39":{"start":{"line":40,"column":0},"end":{"line":40,"column":21}},"40":{"start":{"line":41,"column":0},"end":{"line":41,"column":11}},"42":{"start":{"line":43,"column":0},"end":{"line":43,"column":50}},"43":{"start":{"line":44,"column":0},"end":{"line":44,"column":81}},"44":{"start":{"line":45,"column":0},"end":{"line":45,"column":29}},"45":{"start":{"line":46,"column":0},"end":{"line":46,"column":47}},"46":{"start":{"line":47,"column":0},"end":{"line":47,"column":10}},"48":{"start":{"line":49,"column":0},"end":{"line":49,"column":75}},"49":{"start":{"line":50,"column":0},"end":{"line":50,"column":21}},"50":{"start":{"line":51,"column":0},"end":{"line":51,"column":72}},"51":{"start":{"line":52,"column":0},"end":{"line":52,"column":17}},"52":{"start":{"line":53,"column":0},"end":{"line":53,"column":28}},"53":{"start":{"line":54,"column":0},"end":{"line":54,"column":56}},"54":{"start":{"line":55,"column":0},"end":{"line":55,"column":48}},"55":{"start":{"line":56,"column":0},"end":{"line":56,"column":7}},"56":{"start":{"line":57,"column":0},"end":{"line":57,"column":6}},"57":{"start":{"line":58,"column":0},"end":{"line":58,"column":7}},"58":{"start":{"line":59,"column":0},"end":{"line":59,"column":4}},"60":{"start":{"line":61,"column":0},"end":{"line":61,"column":10}},"61":{"start":{"line":62,"column":0},"end":{"line":62,"column":31}},"62":{"start":{"line":63,"column":0},"end":{"line":63,"column":11}},"63":{"start":{"line":64,"column":0},"end":{"line":64,"column":72}},"64":{"start":{"line":65,"column":0},"end":{"line":65,"column":45}},"66":{"start":{"line":67,"column":0},"end":{"line":67,"column":12}},"67":{"start":{"line":68,"column":0},"end":{"line":68,"column":12}},"69":{"start":{"line":70,"column":0},"end":{"line":70,"column":80}},"70":{"start":{"line":71,"column":0},"end":{"line":71,"column":14}},"71":{"start":{"line":72,"column":0},"end":{"line":72,"column":23}},"72":{"start":{"line":73,"column":0},"end":{"line":73,"column":21}},"73":{"start":{"line":74,"column":0},"end":{"line":74,"column":26}},"74":{"start":{"line":75,"column":0},"end":{"line":75,"column":33}},"75":{"start":{"line":76,"column":0},"end":{"line":76,"column":30}},"76":{"start":{"line":77,"column":0},"end":{"line":77,"column":227}},"77":{"start":{"line":78,"column":0},"end":{"line":78,"column":10}},"78":{"start":{"line":79,"column":0},"end":{"line":79,"column":20}},"79":{"start":{"line":80,"column":0},"end":{"line":80,"column":64}},"81":{"start":{"line":82,"column":0},"end":{"line":82,"column":12}},"83":{"start":{"line":84,"column":0},"end":{"line":84,"column":18}},"84":{"start":{"line":85,"column":0},"end":{"line":85,"column":66}},"85":{"start":{"line":86,"column":0},"end":{"line":86,"column":33}},"86":{"start":{"line":87,"column":0},"end":{"line":87,"column":85}},"88":{"start":{"line":89,"column":0},"end":{"line":89,"column":78}},"89":{"start":{"line":90,"column":0},"end":{"line":90,"column":34}},"90":{"start":{"line":91,"column":0},"end":{"line":91,"column":16}},"91":{"start":{"line":92,"column":0},"end":{"line":92,"column":28}},"92":{"start":{"line":93,"column":0},"end":{"line":93,"column":94}},"94":{"start":{"line":95,"column":0},"end":{"line":95,"column":89}},"95":{"start":{"line":96,"column":0},"end":{"line":96,"column":52}},"96":{"start":{"line":97,"column":0},"end":{"line":97,"column":20}},"97":{"start":{"line":98,"column":0},"end":{"line":98,"column":35}},"98":{"start":{"line":99,"column":0},"end":{"line":99,"column":60}},"99":{"start":{"line":100,"column":0},"end":{"line":100,"column":56}},"100":{"start":{"line":101,"column":0},"end":{"line":101,"column":53}},"101":{"start":{"line":102,"column":0},"end":{"line":102,"column":27}},"102":{"start":{"line":103,"column":0},"end":{"line":103,"column":31}},"103":{"start":{"line":104,"column":0},"end":{"line":104,"column":109}},"105":{"start":{"line":106,"column":0},"end":{"line":106,"column":31}},"106":{"start":{"line":107,"column":0},"end":{"line":107,"column":29}},"107":{"start":{"line":108,"column":0},"end":{"line":108,"column":23}},"108":{"start":{"line":109,"column":0},"end":{"line":109,"column":24}},"110":{"start":{"line":111,"column":0},"end":{"line":111,"column":68}},"112":{"start":{"line":113,"column":0},"end":{"line":113,"column":20}},"113":{"start":{"line":114,"column":0},"end":{"line":114,"column":18}},"114":{"start":{"line":115,"column":0},"end":{"line":115,"column":13}},"115":{"start":{"line":116,"column":0},"end":{"line":116,"column":14}},"117":{"start":{"line":118,"column":0},"end":{"line":118,"column":10}},"119":{"start":{"line":120,"column":0},"end":{"line":120,"column":1}}},"s":{"0":1,"7":21,"8":21,"9":21,"10":21,"12":21,"13":21,"14":21,"15":21,"17":21,"18":21,"19":4,"20":4,"22":4,"23":4,"25":4,"26":4,"29":4,"30":4,"31":4,"32":4,"33":4,"35":3,"36":3,"37":3,"38":4,"39":4,"40":4,"42":3,"43":3,"44":3,"45":3,"46":3,"48":4,"49":4,"50":1,"51":4,"52":4,"53":4,"54":4,"55":4,"56":4,"57":21,"58":21,"60":21,"61":21,"62":21,"63":21,"64":21,"66":21,"67":21,"69":21,"70":21,"71":21,"72":21,"73":21,"74":21,"75":21,"76":21,"77":21,"78":21,"79":14,"81":21,"83":21,"84":1,"85":20,"86":19,"88":1,"89":1,"90":2,"91":2,"92":2,"94":2,"95":2,"96":2,"97":2,"98":2,"99":1,"100":1,"101":2,"102":2,"103":2,"105":2,"106":2,"107":1,"108":1,"110":1,"112":2,"113":2,"114":1,"115":1,"117":21,"119":21},"branchMap":{"0":{"type":"branch","line":8,"loc":{"start":{"line":8,"column":0},"end":{"line":120,"column":1}},"locations":[{"start":{"line":8,"column":0},"end":{"line":120,"column":1}}]},"1":{"type":"branch","line":79,"loc":{"start":{"line":79,"column":9},"end":{"line":80,"column":64}},"locations":[{"start":{"line":79,"column":9},"end":{"line":80,"column":64}}]},"2":{"type":"branch","line":84,"loc":{"start":{"line":84,"column":7},"end":{"line":85,"column":66}},"locations":[{"start":{"line":84,"column":7},"end":{"line":85,"column":66}}]},"3":{"type":"branch","line":85,"loc":{"start":{"line":85,"column":62},"end":{"line":116,"column":14}},"locations":[{"start":{"line":85,"column":62},"end":{"line":116,"column":14}}]},"4":{"type":"branch","line":86,"loc":{"start":{"line":86,"column":28},"end":{"line":87,"column":85}},"locations":[{"start":{"line":86,"column":28},"end":{"line":87,"column":85}}]},"5":{"type":"branch","line":87,"loc":{"start":{"line":87,"column":81},"end":{"line":116,"column":14}},"locations":[{"start":{"line":87,"column":81},"end":{"line":116,"column":14}}]},"6":{"type":"branch","line":19,"loc":{"start":{"line":19,"column":4},"end":{"line":57,"column":6}},"locations":[{"start":{"line":19,"column":4},"end":{"line":57,"column":6}}]},"7":{"type":"branch","line":21,"loc":{"start":{"line":21,"column":17},"end":{"line":21,"column":24}},"locations":[{"start":{"line":21,"column":17},"end":{"line":21,"column":24}}]},"8":{"type":"branch","line":33,"loc":{"start":{"line":33,"column":29},"end":{"line":33,"column":50}},"locations":[{"start":{"line":33,"column":29},"end":{"line":33,"column":50}}]},"9":{"type":"branch","line":34,"loc":{"start":{"line":34,"column":9},"end":{"line":39,"column":50}},"locations":[{"start":{"line":34,"column":9},"end":{"line":39,"column":50}}]},"10":{"type":"branch","line":39,"loc":{"start":{"line":39,"column":42},"end":{"line":39,"column":63}},"locations":[{"start":{"line":39,"column":42},"end":{"line":39,"column":63}}]},"11":{"type":"branch","line":41,"loc":{"start":{"line":41,"column":9},"end":{"line":49,"column":56}},"locations":[{"start":{"line":41,"column":9},"end":{"line":49,"column":56}}]},"12":{"type":"branch","line":49,"loc":{"start":{"line":49,"column":51},"end":{"line":49,"column":71}},"locations":[{"start":{"line":49,"column":51},"end":{"line":49,"column":71}}]},"13":{"type":"branch","line":50,"loc":{"start":{"line":50,"column":6},"end":{"line":52,"column":8}},"locations":[{"start":{"line":50,"column":6},"end":{"line":52,"column":8}}]},"14":{"type":"branch","line":51,"loc":{"start":{"line":51,"column":45},"end":{"line":51,"column":70}},"locations":[{"start":{"line":51,"column":45},"end":{"line":51,"column":70}}]},"15":{"type":"branch","line":90,"loc":{"start":{"line":90,"column":22},"end":{"line":114,"column":18}},"locations":[{"start":{"line":90,"column":22},"end":{"line":114,"column":18}}]},"16":{"type":"branch","line":99,"loc":{"start":{"line":99,"column":55},"end":{"line":109,"column":24}},"locations":[{"start":{"line":99,"column":55},"end":{"line":109,"column":24}}]},"17":{"type":"branch","line":109,"loc":{"start":{"line":109,"column":18},"end":{"line":111,"column":68}},"locations":[{"start":{"line":109,"column":18},"end":{"line":111,"column":68}}]},"18":{"type":"branch","line":101,"loc":{"start":{"line":101,"column":38},"end":{"line":107,"column":29}},"locations":[{"start":{"line":101,"column":38},"end":{"line":107,"column":29}}]}},"b":{"0":[21],"1":[14],"2":[1],"3":[20],"4":[19],"5":[1],"6":[4],"7":[0],"8":[0],"9":[3],"10":[0],"11":[3],"12":[1],"13":[1],"14":[0],"15":[2],"16":[1],"17":[1],"18":[2]},"fnMap":{"0":{"name":"PhotoBoard","decl":{"start":{"line":8,"column":0},"end":{"line":120,"column":1}},"loc":{"start":{"line":8,"column":0},"end":{"line":120,"column":1}},"line":8}},"f":{"0":21}}
,"C:\\Projects\\external\\event_experience\\frontend\\src\\components\\features\\QrScanner.tsx": {"path":"C:\\Projects\\external\\event_experience\\frontend\\src\\components\\features\\QrScanner.tsx","all":false,"statementMap":{"0":{"start":{"line":1,"column":0},"end":{"line":1,"column":65}},"16":{"start":{"line":17,"column":0},"end":{"line":17,"column":36}},"31":{"start":{"line":32,"column":0},"end":{"line":32,"column":35}},"32":{"start":{"line":33,"column":0},"end":{"line":33,"column":9}},"33":{"start":{"line":34,"column":0},"end":{"line":34,"column":10}},"34":{"start":{"line":35,"column":0},"end":{"line":35,"column":29}},"35":{"start":{"line":36,"column":0},"end":{"line":36,"column":20}},"36":{"start":{"line":37,"column":0},"end":{"line":37,"column":54}},"37":{"start":{"line":38,"column":0},"end":{"line":38,"column":80}},"38":{"start":{"line":39,"column":0},"end":{"line":39,"column":49}},"39":{"start":{"line":40,"column":0},"end":{"line":40,"column":58}},"41":{"start":{"line":42,"column":0},"end":{"line":42,"column":36}},"42":{"start":{"line":43,"column":0},"end":{"line":43,"column":30}},"43":{"start":{"line":44,"column":0},"end":{"line":44,"column":29}},"46":{"start":{"line":47,"column":0},"end":{"line":47,"column":10}},"47":{"start":{"line":48,"column":0},"end":{"line":48,"column":51}},"48":{"start":{"line":49,"column":0},"end":{"line":49,"column":43}},"49":{"start":{"line":50,"column":0},"end":{"line":50,"column":9}},"50":{"start":{"line":51,"column":0},"end":{"line":51,"column":15}},"51":{"start":{"line":52,"column":0},"end":{"line":52,"column":7}},"52":{"start":{"line":53,"column":0},"end":{"line":53,"column":59}},"53":{"start":{"line":54,"column":0},"end":{"line":54,"column":26}},"54":{"start":{"line":55,"column":0},"end":{"line":55,"column":6}},"55":{"start":{"line":56,"column":0},"end":{"line":56,"column":13}},"56":{"start":{"line":57,"column":0},"end":{"line":57,"column":4}},"58":{"start":{"line":59,"column":0},"end":{"line":59,"column":19}},"59":{"start":{"line":60,"column":0},"end":{"line":60,"column":26}},"61":{"start":{"line":62,"column":0},"end":{"line":62,"column":31}},"62":{"start":{"line":63,"column":0},"end":{"line":63,"column":11}},"63":{"start":{"line":64,"column":0},"end":{"line":64,"column":52}},"64":{"start":{"line":65,"column":0},"end":{"line":65,"column":66}},"65":{"start":{"line":66,"column":0},"end":{"line":66,"column":25}},"66":{"start":{"line":67,"column":0},"end":{"line":67,"column":11}},"67":{"start":{"line":68,"column":0},"end":{"line":68,"column":37}},"69":{"start":{"line":70,"column":0},"end":{"line":70,"column":28}},"70":{"start":{"line":71,"column":0},"end":{"line":71,"column":40}},"71":{"start":{"line":72,"column":0},"end":{"line":72,"column":11}},"72":{"start":{"line":73,"column":0},"end":{"line":73,"column":20}},"73":{"start":{"line":74,"column":0},"end":{"line":74,"column":30}},"74":{"start":{"line":75,"column":0},"end":{"line":75,"column":48}},"75":{"start":{"line":76,"column":0},"end":{"line":76,"column":51}},"76":{"start":{"line":77,"column":0},"end":{"line":77,"column":14}},"77":{"start":{"line":78,"column":0},"end":{"line":78,"column":12}},"78":{"start":{"line":79,"column":0},"end":{"line":79,"column":24}},"79":{"start":{"line":80,"column":0},"end":{"line":80,"column":17}},"81":{"start":{"line":82,"column":0},"end":{"line":82,"column":12}},"82":{"start":{"line":83,"column":0},"end":{"line":83,"column":10}},"84":{"start":{"line":85,"column":0},"end":{"line":85,"column":24}},"85":{"start":{"line":86,"column":0},"end":{"line":86,"column":54}},"86":{"start":{"line":87,"column":0},"end":{"line":87,"column":17}},"87":{"start":{"line":88,"column":0},"end":{"line":88,"column":9}},"88":{"start":{"line":89,"column":0},"end":{"line":89,"column":27}},"89":{"start":{"line":90,"column":0},"end":{"line":90,"column":21}},"90":{"start":{"line":91,"column":0},"end":{"line":91,"column":60}},"91":{"start":{"line":92,"column":0},"end":{"line":92,"column":77}},"92":{"start":{"line":93,"column":0},"end":{"line":93,"column":19}},"93":{"start":{"line":94,"column":0},"end":{"line":94,"column":121}},"94":{"start":{"line":95,"column":0},"end":{"line":95,"column":12}},"95":{"start":{"line":96,"column":0},"end":{"line":96,"column":81}},"96":{"start":{"line":97,"column":0},"end":{"line":97,"column":54}},"97":{"start":{"line":98,"column":0},"end":{"line":98,"column":16}},"98":{"start":{"line":99,"column":0},"end":{"line":99,"column":75}},"99":{"start":{"line":100,"column":0},"end":{"line":100,"column":57}},"100":{"start":{"line":101,"column":0},"end":{"line":101,"column":9}},"101":{"start":{"line":102,"column":0},"end":{"line":102,"column":27}},"102":{"start":{"line":103,"column":0},"end":{"line":103,"column":7}},"103":{"start":{"line":104,"column":0},"end":{"line":104,"column":6}},"105":{"start":{"line":106,"column":0},"end":{"line":106,"column":17}},"107":{"start":{"line":108,"column":0},"end":{"line":108,"column":18}},"108":{"start":{"line":109,"column":0},"end":{"line":109,"column":23}},"109":{"start":{"line":110,"column":0},"end":{"line":110,"column":35}},"110":{"start":{"line":111,"column":0},"end":{"line":111,"column":32}},"111":{"start":{"line":112,"column":0},"end":{"line":112,"column":30}},"112":{"start":{"line":113,"column":0},"end":{"line":113,"column":16}},"113":{"start":{"line":114,"column":0},"end":{"line":114,"column":32}},"114":{"start":{"line":115,"column":0},"end":{"line":115,"column":34}},"115":{"start":{"line":116,"column":0},"end":{"line":116,"column":7}},"116":{"start":{"line":117,"column":0},"end":{"line":117,"column":6}},"117":{"start":{"line":118,"column":0},"end":{"line":118,"column":22}},"119":{"start":{"line":120,"column":0},"end":{"line":120,"column":10}},"120":{"start":{"line":121,"column":0},"end":{"line":121,"column":8}},"121":{"start":{"line":122,"column":0},"end":{"line":122,"column":19}},"122":{"start":{"line":123,"column":0},"end":{"line":123,"column":23}},"123":{"start":{"line":124,"column":0},"end":{"line":124,"column":24}},"124":{"start":{"line":125,"column":0},"end":{"line":125,"column":62}},"126":{"start":{"line":127,"column":0},"end":{"line":127,"column":78}},"127":{"start":{"line":128,"column":0},"end":{"line":128,"column":58}},"128":{"start":{"line":129,"column":0},"end":{"line":129,"column":15}},"129":{"start":{"line":130,"column":0},"end":{"line":130,"column":23}},"130":{"start":{"line":131,"column":0},"end":{"line":131,"column":27}},"131":{"start":{"line":132,"column":0},"end":{"line":132,"column":36}},"132":{"start":{"line":133,"column":0},"end":{"line":133,"column":86}},"134":{"start":{"line":135,"column":0},"end":{"line":135,"column":39}},"135":{"start":{"line":136,"column":0},"end":{"line":136,"column":17}},"136":{"start":{"line":137,"column":0},"end":{"line":137,"column":12}},"138":{"start":{"line":139,"column":0},"end":{"line":139,"column":55}},"139":{"start":{"line":140,"column":0},"end":{"line":140,"column":56}},"141":{"start":{"line":142,"column":0},"end":{"line":142,"column":32}},"142":{"start":{"line":143,"column":0},"end":{"line":143,"column":106}},"143":{"start":{"line":144,"column":0},"end":{"line":144,"column":46}},"144":{"start":{"line":145,"column":0},"end":{"line":145,"column":55}},"145":{"start":{"line":146,"column":0},"end":{"line":146,"column":16}},"148":{"start":{"line":149,"column":0},"end":{"line":149,"column":19}},"149":{"start":{"line":150,"column":0},"end":{"line":150,"column":82}},"150":{"start":{"line":151,"column":0},"end":{"line":151,"column":87}},"151":{"start":{"line":152,"column":0},"end":{"line":152,"column":114}},"152":{"start":{"line":153,"column":0},"end":{"line":153,"column":68}},"153":{"start":{"line":154,"column":0},"end":{"line":154,"column":20}},"154":{"start":{"line":155,"column":0},"end":{"line":155,"column":62}},"155":{"start":{"line":156,"column":0},"end":{"line":156,"column":21}},"156":{"start":{"line":157,"column":0},"end":{"line":157,"column":29}},"157":{"start":{"line":158,"column":0},"end":{"line":158,"column":33}},"158":{"start":{"line":159,"column":0},"end":{"line":159,"column":114}},"159":{"start":{"line":160,"column":0},"end":{"line":160,"column":15}},"161":{"start":{"line":162,"column":0},"end":{"line":162,"column":23}},"162":{"start":{"line":163,"column":0},"end":{"line":163,"column":18}},"163":{"start":{"line":164,"column":0},"end":{"line":164,"column":16}},"165":{"start":{"line":166,"column":0},"end":{"line":166,"column":12}},"167":{"start":{"line":168,"column":0},"end":{"line":168,"column":90}},"170":{"start":{"line":171,"column":0},"end":{"line":171,"column":10}},"171":{"start":{"line":172,"column":0},"end":{"line":172,"column":10}},"173":{"start":{"line":174,"column":0},"end":{"line":174,"column":1}}},"s":{"0":1,"16":1,"31":12,"32":12,"33":12,"34":12,"35":12,"36":12,"37":12,"38":12,"39":12,"41":12,"42":12,"43":3,"46":3,"47":3,"48":1,"49":3,"50":1,"51":1,"52":2,"53":2,"54":3,"55":12,"56":12,"58":12,"59":6,"61":6,"62":6,"63":6,"64":6,"65":6,"66":6,"67":6,"69":6,"70":6,"71":6,"72":6,"73":6,"74":0,"75":0,"76":0,"77":6,"78":6,"79":6,"81":0,"82":6,"84":6,"85":0,"86":0,"87":0,"88":4,"89":6,"90":2,"91":2,"92":1,"93":1,"94":1,"95":1,"96":1,"97":1,"98":0,"99":0,"100":0,"101":2,"102":2,"103":6,"105":6,"107":6,"108":6,"109":6,"110":6,"111":6,"112":4,"113":4,"114":4,"115":4,"116":6,"117":12,"119":12,"120":12,"121":12,"122":12,"123":12,"124":12,"126":12,"127":12,"128":12,"129":12,"130":12,"131":12,"132":12,"134":12,"135":12,"136":12,"138":12,"139":12,"141":12,"142":6,"143":6,"144":6,"145":6,"148":12,"149":2,"150":2,"151":2,"152":2,"153":2,"154":2,"155":2,"156":2,"157":2,"158":2,"159":2,"161":2,"162":2,"163":2,"165":12,"167":12,"170":12,"171":12,"173":12},"branchMap":{"0":{"type":"branch","line":32,"loc":{"start":{"line":32,"column":0},"end":{"line":174,"column":1}},"locations":[{"start":{"line":32,"column":0},"end":{"line":174,"column":1}}]},"1":{"type":"branch","line":142,"loc":{"start":{"line":142,"column":9},"end":{"line":142,"column":32}},"locations":[{"start":{"line":142,"column":9},"end":{"line":142,"column":32}}]},"2":{"type":"branch","line":142,"loc":{"start":{"line":142,"column":22},"end":{"line":146,"column":16}},"locations":[{"start":{"line":142,"column":22},"end":{"line":146,"column":16}}]},"3":{"type":"branch","line":149,"loc":{"start":{"line":149,"column":9},"end":{"line":164,"column":16}},"locations":[{"start":{"line":149,"column":9},"end":{"line":164,"column":16}}]},"4":{"type":"branch","line":43,"loc":{"start":{"line":43,"column":4},"end":{"line":55,"column":6}},"locations":[{"start":{"line":43,"column":4},"end":{"line":55,"column":6}}]},"5":{"type":"branch","line":48,"loc":{"start":{"line":48,"column":44},"end":{"line":49,"column":43}},"locations":[{"start":{"line":48,"column":44},"end":{"line":49,"column":43}}]},"6":{"type":"branch","line":50,"loc":{"start":{"line":50,"column":8},"end":{"line":52,"column":7}},"locations":[{"start":{"line":50,"column":8},"end":{"line":52,"column":7}}]},"7":{"type":"branch","line":52,"loc":{"start":{"line":52,"column":6},"end":{"line":54,"column":26}},"locations":[{"start":{"line":52,"column":6},"end":{"line":54,"column":26}}]},"8":{"type":"branch","line":59,"loc":{"start":{"line":59,"column":12},"end":{"line":118,"column":5}},"locations":[{"start":{"line":59,"column":12},"end":{"line":118,"column":5}}]},"9":{"type":"branch","line":62,"loc":{"start":{"line":62,"column":18},"end":{"line":104,"column":6}},"locations":[{"start":{"line":62,"column":18},"end":{"line":104,"column":6}}]},"10":{"type":"branch","line":83,"loc":{"start":{"line":83,"column":8},"end":{"line":85,"column":23}},"locations":[{"start":{"line":83,"column":8},"end":{"line":85,"column":23}}]},"11":{"type":"branch","line":85,"loc":{"start":{"line":85,"column":23},"end":{"line":88,"column":9}},"locations":[{"start":{"line":85,"column":23},"end":{"line":88,"column":9}}]},"12":{"type":"branch","line":88,"loc":{"start":{"line":88,"column":8},"end":{"line":90,"column":15}},"locations":[{"start":{"line":88,"column":8},"end":{"line":90,"column":15}}]},"13":{"type":"branch","line":90,"loc":{"start":{"line":90,"column":6},"end":{"line":103,"column":7}},"locations":[{"start":{"line":90,"column":6},"end":{"line":103,"column":7}}]},"14":{"type":"branch","line":91,"loc":{"start":{"line":91,"column":49},"end":{"line":91,"column":60}},"locations":[{"start":{"line":91,"column":49},"end":{"line":91,"column":60}}]},"15":{"type":"branch","line":92,"loc":{"start":{"line":92,"column":21},"end":{"line":92,"column":76}},"locations":[{"start":{"line":92,"column":21},"end":{"line":92,"column":76}}]},"16":{"type":"branch","line":92,"loc":{"start":{"line":92,"column":76},"end":{"line":101,"column":9}},"locations":[{"start":{"line":92,"column":76},"end":{"line":101,"column":9}}]},"17":{"type":"branch","line":96,"loc":{"start":{"line":96,"column":28},"end":{"line":96,"column":80}},"locations":[{"start":{"line":96,"column":28},"end":{"line":96,"
[...]
":94,"column":9},"end":{"line":99,"column":7}}]},"33":{"type":"branch","line":97,"loc":{"start":{"line":97,"column":68},"end":{"line":97,"column":85}},"locations":[{"start":{"line":97,"column":68},"end":{"line":97,"column":85}}]},"34":{"type":"branch","line":104,"loc":{"start":{"line":104,"column":34},"end":{"line":106,"column":5}},"locations":[{"start":{"line":104,"column":34},"end":{"line":106,"column":5}}]},"35":{"type":"branch","line":175,"loc":{"start":{"line":175,"column":22},"end":{"line":175,"column":55}},"locations":[{"start":{"line":175,"column":22},"end":{"line":175,"column":55}}]},"36":{"type":"branch","line":181,"loc":{"start":{"line":181,"column":56},"end":{"line":193,"column":21}},"locations":[{"start":{"line":181,"column":56},"end":{"line":193,"column":21}}]},"37":{"type":"branch","line":187,"loc":{"start":{"line":187,"column":27},"end":{"line":188,"column":45}},"locations":[{"start":{"line":187,"column":27},"end":{"line":188,"column":45}}]},"38":{"type":"branch","line":188,"loc":{"start":{"line":188,"column":20},"end":{"line":189,"column":52}},"locations":[{"start":{"line":188,"column":20},"end":{"line":189,"column":52}}]},"39":{"type":"branch","line":192,"loc":{"start":{"line":192,"column":23},"end":{"line":192,"column":39}},"locations":[{"start":{"line":192,"column":23},"end":{"line":192,"column":39}}]},"40":{"type":"branch","line":192,"loc":{"start":{"line":192,"column":31},"end":{"line":192,"column":84}},"locations":[{"start":{"line":192,"column":31},"end":{"line":192,"column":84}}]},"41":{"type":"branch","line":192,"loc":{"start":{"line":192,"column":47},"end":{"line":192,"column":71}},"locations":[{"start":{"line":192,"column":47},"end":{"line":192,"column":71}}]},"42":{"type":"branch","line":192,"loc":{"start":{"line":192,"column":59},"end":{"line":192,"column":84}},"locations":[{"start":{"line":192,"column":59},"end":{"line":192,"column":84}}]},"43":{"type":"branch","line":185,"loc":{"start":{"line":185,"column":23},"end":{"line":185,"column":44}},"locations":[{"start":{"line":185,"column":23},"end":{"line":185,"column":44}}]},"44":{"type":"branch","line":206,"loc":{"start":{"line":206,"column":24},"end":{"line":207,"column":76}},"locations":[{"start":{"line":206,"column":24},"end":{"line":207,"column":76}}]},"45":{"type":"branch","line":221,"loc":{"start":{"line":221,"column":0},"end":{"line":235,"column":1}},"locations":[{"start":{"line":221,"column":0},"end":{"line":235,"column":1}}]},"46":{"type":"branch","line":242,"loc":{"start":{"line":242,"column":0},"end":{"line":330,"column":1}},"locations":[{"start":{"line":242,"column":0},"end":{"line":330,"column":1}}]},"47":{"type":"branch","line":288,"loc":{"start":{"line":288,"column":16},"end":{"line":288,"column":63}},"locations":[{"start":{"line":288,"column":16},"end":{"line":288,"column":63}}]},"48":{"type":"branch","line":288,"loc":{"start":{"line":288,"column":57},"end":{"line":298,"column":14}},"locations":[{"start":{"line":288,"column":57},"end":{"line":298,"column":14}}]},"49":{"type":"branch","line":302,"loc":{"start":{"line":302,"column":9},"end":{"line":307,"column":12}},"locations":[{"start":{"line":302,"column":9},"end":{"line":307,"column":12}}]},"50":{"type":"branch","line":307,"loc":{"start":{"line":307,"column":10},"end":{"line":311,"column":16}},"locations":[{"start":{"line":307,"column":10},"end":{"line":311,"column":16}}]},"51":{"type":"branch","line":320,"loc":{"start":{"line":320,"column":19},"end":{"line":321,"column":59}},"locations":[{"start":{"line":320,"column":19},"end":{"line":321,"column":59}}]},"52":{"type":"branch","line":321,"loc":{"start":{"line":321,"column":14},"end":{"line":322,"column":58}},"locations":[{"start":{"line":321,"column":14},"end":{"line":322,"column":58}}]},"53":{"type":"branch","line":325,"loc":{"start":{"line":325,"column":9},"end":{"line":325,"column":56}},"locations":[{"start":{"line":325,"column":9},"end":{"line":325,"column":56}}]},"54":{"type":"branch","line":326,"loc":{"start":{"line":326,"column":18},"end":{"line":326,"column":48}},"locations":[{"start":{"line":326,"column":18},"end":{"line":326,"column":48}}]},"55":{"type":"branch","line":326,"loc":{"start":{"line":326,"column":30},"end":{"line":326,"column":66}},"locations":[{"start":{"line":326,"column":30},"end":{"line":326,"column":66}}]},"56":{"type":"branch","line":246,"loc":{"start":{"line":246,"column":12},"end":{"line":262,"column":5}},"locations":[{"start":{"line":246,"column":12},"end":{"line":262,"column":5}}]},"57":{"type":"branch","line":253,"loc":{"start":{"line":253,"column":12},"end":{"line":255,"column":7}},"locations":[{"start":{"line":253,"column":12},"end":{"line":255,"column":7}}]},"58":{"type":"branch","line":259,"loc":{"start":{"line":259,"column":11},"end":{"line":261,"column":6}},"locations":[{"start":{"line":259,"column":11},"end":{"line":261,"column":6}}]},"59":{"type":"branch","line":264,"loc":{"start":{"line":264,"column":34},"end":{"line":271,"column":5}},"locations":[{"start":{"line":264,"column":34},"end":{"line":271,"column":5}}]},"60":{"type":"branch","line":290,"loc":{"start":{"line":290,"column":34},"end":{"line":296,"column":19}},"locations":[{"start":{"line":290,"column":34},"end":{"line":296,"column":19}}]},"61":{"type":"branch","line":332,"loc":{"start":{"line":332,"column":0},"end":{"line":346,"column":1}},"locations":[{"start":{"line":332,"column":0},"end":{"line":346,"column":1}}]},"62":{"type":"branch","line":333,"loc":{"start":{"line":333,"column":17},"end":{"line":340,"column":3}},"locations":[{"start":{"line":333,"column":17},"end":{"line":340,"column":3}}]},"63":{"type":"branch","line":340,"loc":{"start":{"line":340,"column":2},"end":{"line":346,"column":1}},"locations":[{"start":{"line":340,"column":2},"end":{"line":346,"column":1}}]},"64":{"type":"branch","line":354,"loc":{"start":{"line":354,"column":0},"end":{"line":381,"column":1}},"locations":[{"start":{"line":354,"column":0},"end":{"line":381,"column":1}}]},"65":{"type":"branch","line":355,"loc":{"start":{"line":355,"column":14},"end":{"line":361,"column":3}},"locations":[{"start":{"line":355,"column":14},"end":{"line":361,"column":3}}]},"66":{"type":"branch","line":361,"loc":{"start":{"line":361,"column":2},"end":{"line":376,"column":19}},"locations":[{"start":{"line":361,"column":2},"end":{"line":376,"column":19}}]},"67":{"type":"branch","line":376,"loc":{"start":{"line":376,"column":9},"end":{"line":376,"column":56}},"locations":[{"start":{"line":376,"column":9},"end":{"line":376,"column":56}}]},"68":{"type":"branch","line":376,"loc":{"start":{"line":376,"column":51},"end":{"line":376,"column":92}},"locations":[{"start":{"line":376,"column":51},"end":{"line":376,"column":92}}]}},"b":{"0":[41],"1":[3],"2":[37],"3":[3],"4":[37],"5":[1],"6":[2],"7":[2],"8":[1],"9":[39],"10":[26],"11":[13],"12":[13],"13":[10],"14":[34],"15":[36],"16":[2],"17":[1],"18":[35],"19":[2],"20":[1],"21":[34],"22":[12],"23":[22],"24":[19],"25":[19],"26":[3],"27":[1],"28":[0],"29":[2],"30":[2],"31":[0],"32":[1],"33":[0],"34":[1],"35":[19],"36":[120],"37":[40],"38":[80],"39":[40],"40":[80],"41":[40],"42":[40],"43":[2],"44":[16],"45":[120],"46":[32],"47":[31],"48":[31],"49":[20],"50":[11],"51":[6],"52":[25],"53":[3],"54":[6],"55":[25],"56":[11],"57":[11],"58":[11],"59":[2],"60":[62],"61":[31],"62":[6],"63":[25],"64":[26],"65":[16],"66":[10],"67":[3],"68":[7]},"fnMap":{"0":{"name":"AdminPage","decl":{"start":{"line":41,"column":0},"end":{"line":213,"column":1}},"loc":{"start":{"line":41,"column":0},"end":{"line":213,"column":1}},"line":41},"1":{"name":"onChange","decl":{"start":{"line":175,"column":22},"end":{"line":175,"column":55}},"loc":{"start":{"line":175,"column":22},"end":{"line":175,"column":55}},"line":175},"2":{"name":"onClick","decl":{"start":{"line":185,"column":23},"end":{"line":185,"column":44}},"loc":{"start":{"line":185,"column":23},"end":{"line":185,"column":44}},"line":185},"3":{"name":"StatCard","decl":{"start":{"line":221,"column":0},"end":{"line":235,"column":1}},"loc":{"start":{"line":221,"column":0},"end":{"line":235,"column":1}},"line":221},"4":{"name":"AttendeeCard","decl":{"start":{"line":242,"column":0},"end":{"line":330,"column":1}},"loc":{"start":{"line":242,"column":0},"end":{"line":330,"column":1}},"line":242},"5":{"name":"StatusPill","decl":{"start":{"line":332,"column":0},"end":{"line":346,"column":1}},"loc":{"start":{"line":332,"column":0},"end":{"line":346,"column":1}},"line":332},"6":{"name":"EmptyState","decl":{"start":{"line":354,"column":0},"end":{"line":381,"column":1}},"loc":{"start":{"line":354,"column":0},"end":{"line":381,"column":1}},"line":354}},"f":{"0":41,"1":19,"2":2,"3":120,"4":32,"5":31,"6":26}}
,"C:\\Projects\\external\\event_experience\\frontend\\src\\pages\\EventPage.tsx": {"path":"C:\\Projects\\external\\event_experience\\frontend\\src\\pages\\EventPage.tsx","all":false,"statementMap":{"0":{"start":{"line":1,"column":0},"end":{"line":1,"column":57}},"9":{"start":{"line":10,"column":0},"end":{"line":10,"column":37}},"10":{"start":{"line":11,"column":0},"end":{"line":11,"column":77}},"11":{"start":{"line":12,"column":0},"end":{"line":12,"column":74}},"12":{"start":{"line":13,"column":0},"end":{"line":13,"column":47}},"13":{"start":{"line":14,"column":0},"end":{"line":14,"column":48}},"14":{"start":{"line":15,"column":0},"end":{"line":15,"column":66}},"16":{"start":{"line":17,"column":0},"end":{"line":17,"column":49}},"17":{"start":{"line":18,"column":0},"end":{"line":18,"column":9}},"18":{"start":{"line":19,"column":0},"end":{"line":19,"column":33}},"19":{"start":{"line":20,"column":0},"end":{"line":20,"column":59}},"20":{"start":{"line":21,"column":0},"end":{"line":21,"column":8}},"21":{"start":{"line":22,"column":0},"end":{"line":22,"column":45}},"22":{"start":{"line":23,"column":0},"end":{"line":23,"column":19}},"23":{"start":{"line":24,"column":0},"end":{"line":24,"column":22}},"24":{"start":{"line":25,"column":0},"end":{"line":25,"column":42}},"25":{"start":{"line":26,"column":0},"end":{"line":26,"column":25}},"26":{"start":{"line":27,"column":0},"end":{"line":27,"column":76}},"27":{"start":{"line":28,"column":0},"end":{"line":28,"column":13}},"28":{"start":{"line":29,"column":0},"end":{"line":29,"column":22}},"29":{"start":{"line":30,"column":0},"end":{"line":30,"column":15}},"30":{"start":{"line":31,"column":0},"end":{"line":31,"column":24}},"31":{"start":{"line":32,"column":0},"end":{"line":32,"column":5}},"32":{"start":{"line":33,"column":0},"end":{"line":33,"column":9}},"34":{"start":{"line":35,"column":0},"end":{"line":35,"column":19}},"35":{"start":{"line":36,"column":0},"end":{"line":36,"column":25}},"36":{"start":{"line":37,"column":0},"end":{"line":37,"column":22}},"38":{"start":{"line":39,"column":0},"end":{"line":39,"column":46}},"39":{"start":{"line":40,"column":0},"end":{"line":40,"column":21}},"40":{"start":{"line":41,"column":0},"end":{"line":41,"column":23}},"41":{"start":{"line":42,"column":0},"end":{"line":42,"column":9}},"42":{"start":{"line":43,"column":0},"end":{"line":43,"column":27}},"43":{"start":{"line":44,"column":0},"end":{"line":44,"column":28}},"44":{"start":{"line":45,"column":0},"end":{"line":45,"column":19}},"45":{"start":{"line":46,"column":0},"end":{"line":46,"column":72}},"46":{"start":{"line":47,"column":0},"end":{"line":47,"column":24}},"47":{"start":{"line":48,"column":0},"end":{"line":48,"column":15}},"48":{"start":{"line":49,"column":0},"end":{"line":49,"column":24}},"49":{"start":{"line":50,"column":0},"end":{"line":50,"column":5}},"50":{"start":{"line":51,"column":0},"end":{"line":51,"column":22}},"52":{"start":{"line":53,"column":0},"end":{"line":53,"column":16}},"53":{"start":{"line":54,"column":0},"end":{"line":54,"column":12}},"54":{"start":{"line":55,"column":0},"end":{"line":55,"column":62}},"55":{"start":{"line":56,"column":0},"end":{"line":56,"column":108}},"56":{"start":{"line":57,"column":0},"end":{"line":57,"column":12}},"58":{"start":{"line":59,"column":0},"end":{"line":59,"column":3}},"60":{"start":{"line":61,"column":0},"end":{"line":61,"column":30}},"61":{"start":{"line":62,"column":0},"end":{"line":62,"column":12}},"62":{"start":{"line":63,"column":0},"end":{"line":63,"column":115}},"63":{"start":{"line":64,"column":0},"end":{"line":64,"column":80}},"64":{"start":{"line":65,"column":0},"end":{"line":65,"column":50}},"66":{"start":{"line":67,"column":0},"end":{"line":67,"column":12}},"67":{"start":{"line":68,"column":0},"end":{"line":68,"column":15}},"68":{"start":{"line":69,"column":0},"end":{"line":69,"column":26}},"69":{"start":{"line":70,"column":0},"end":{"line":70,"column":30}},"70":{"start":{"line":71,"column":0},"end":{"line":71,"column":28}},"71":{"start":{"line":72,"column":0},"end":{"line":72,"column":155}},"73":{"start":{"line":74,"column":0},"end":{"line":74,"column":53}},"74":{"start":{"line":75,"column":0},"end":{"line":75,"column":17}},"75":{"start":{"line":76,"column":0},"end":{"line":76,"column":23}},"76":{"start":{"line":77,"column":0},"end":{"line":77,"column":111}},"77":{"start":{"line":78,"column":0},"end":{"line":78,"column":23}},"78":{"start":{"line":79,"column":0},"end":{"line":79,"column":14}},"80":{"start":{"line":81,"column":0},"end":{"line":81,"column":12}},"82":{"start":{"line":83,"column":0},"end":{"line":83,"column":3}},"84":{"start":{"line":85,"column":0},"end":{"line":85,"column":10}},"85":{"start":{"line":86,"column":0},"end":{"line":86,"column":31}},"86":{"start":{"line":87,"column":0},"end":{"line":87,"column":55}},"87":{"start":{"line":88,"column":0},"end":{"line":88,"column":30}},"88":{"start":{"line":89,"column":0},"end":{"line":89,"column":17}},"89":{"start":{"line":90,"column":0},"end":{"line":90,"column":22}},"90":{"start":{"line":91,"column":0},"end":{"line":91,"column":50}},"91":{"start":{"line":92,"column":0},"end":{"line":92,"column":94}},"92":{"start":{"line":93,"column":0},"end":{"line":93,"column":36}},"93":{"start":{"line":94,"column":0},"end":{"line":94,"column":50}},"94":{"start":{"line":95,"column":0},"end":{"line":95,"column":82}},"95":{"start":{"line":96,"column":0},"end":{"line":96,"column":15}},"97":{"start":{"line":98,"column":0},"end":{"line":98,"column":21}},"98":{"start":{"line":99,"column":0},"end":{"line":99,"column":19}},"99":{"start":{"line":100,"column":0},"end":{"line":100,"column":11}},"100":{"start":{"line":101,"column":0},"end":{"line":101,"column":12}},"102":{"start":{"line":103,"column":0},"end":{"line":103,"column":25}},"103":{"start":{"line":104,"column":0},"end":{"line":104,"column":76}},"105":{"start":{"line":106,"column":0},"end":{"line":106,"column":10}},"107":{"start":{"line":108,"column":0},"end":{"line":108,"column":1}}},"s":{"0":1,"9":17,"10":17,"11":17,"12":17,"13":17,"14":17,"16":17,"17":7,"18":7,"19":7,"20":7,"21":5,"22":5,"23":5,"24":5,"25":5,"26":7,"27":7,"28":1,"29":7,"30":6,"31":6,"32":17,"34":17,"35":6,"36":17,"38":17,"39":2,"40":2,"41":2,"42":2,"43":1,"44":1,"45":1,"46":1,"47":2,"48":2,"49":2,"50":17,"52":17,"53":6,"54":6,"55":6,"56":6,"58":6,"60":17,"61":6,"62":6,"63":6,"64":6,"66":6,"67":6,"68":6,"69":6,"70":6,"71":6,"73":6,"74":6,"75":6,"76":1,"77":1,"78":1,"80":6,"82":6,"84":5,"85":5,"86":5,"87":5,"88":8,"89":8,"90":8,"91":8,"92":8,"93":5,"94":3,"95":8,"97":8,"98":8,"99":5,"100":5,"102":5,"103":5,"105":17,"107":17},"branchMap":{"0":{"type":"branch","line":10,"loc":{"start":{"line":10,"column":0},"end":{"line":108,"column":1}},"locations":[{"start":{"line":10,"column":0},"end":{"line":108,"column":1}}]},"1":{"type":"branch","line":53,"loc":{"start":{"line":53,"column":15},"end":{"line":59,"column":3}},"locations":[{"start":{"line":53,"column":15},"end":{"line":59,"column":3}}]},"2":{"type":"branch","line":59,"loc":{"start":{"line":59,"column":2},"end":{"line":61,"column":29}},"locations":[{"start":{"line":59,"column":2},"end":{"line":61,"column":29}}]},"3":{"type":"branch","line":61,"loc":{"start":{"line":61,"column":29},"end":{"line":83,"column":3}},"locations":[{"start":{"line":61,"column":29},"end":{"line":83,"column":3}}]},"4":{"type":"branch","line":74,"loc":{"start":{"line":74,"column":11},"end":{"line":74,"column":36}},"locations":[{"start":{"line":74,"column":11},"end":{"line":74,"column":36}}]},"5":{"type":"branch","line":74,"loc":{"start":{"line":74,"column":21},"end":{"line":74,"column":53}},"locations":[{"start":{"line":74,"column":21},"end":{"line":74,"column":53}}]},"6":{"type":"branch","line":76,"loc":{"start":{"line":76,"column":9},"end":{"line":79,"column":14}},"locations":[{"start":{"line":76,"column":9},"end":{"line":79,"column":14}}]},"7":{"type":"branch","line":83,"loc":{"start":{"line":83,"column":2},"end":{"line":104,"column":76}},"locations":[{"start":{"line":83,"column":2},"end":{"line":104,"column":76}}]},"8":{"type":"branch","line":17,"loc":{"start":{"line":17,"column":36},"end":{"line":33,"column":5}},"locations":[{"start":{"line":17,"column":36},"end":{"line":33,"column":5}}]},"9":{"type":"branch","line":21,"loc":{"start":{"line":21,"column":6},"end":{"line":27,"column":45}},"locations":[{"start":{"line":21,"column":6},"end":{"line":27,"column":45}}]},"10":{"type":"branch","line":27,"loc":{"start":{"line":27,"column":28},"end":{"line":27,"column":76}},"locations":[{"start":{"line":27,"column":28},"end":{"line":27,"column":76}}]},"11":{"type":"branch","line":28,"loc":{"start":{"line":28,"column":4},"end":{"line":30,"column":6}},"locations":[{"start":{"line":28,"column":4},"end":{"line":30,"column":6}}]},"12":{"type":"branch","line":30,"loc":{"start":{"line":30,"column":4},"end":{"line":32,"column":5}},"locations":[{"start":{"line":30,"column":4},"end":{"line":32,"column":5}}]},"13":{"type":"branch","line":22,"loc":{"start":{"line":22,"column":34},"end":{"line":25,"column":8}},"locations":[{"start":{"line":22,"column":34},"end":{"line":25,"column":8}}]},"14":{"type":"branch","line":27,"loc":{"start":{"line":27,"column":45},"end":{"line":27,"column":74}},"locations":[{"start":{"line":27,"column":45},"end":{"line":27,"column":74}}]},"15":{"type":"branch","line":35,"loc":{"start":{"line":35,"column":12},"end":{"line":37,"column":5}},"locations":[{"start":{"line":35,"column":12},"end":{"line":37,"column":5}}]},"16":{"type":"branch","line":39,"loc":{"start":{"line":39,"column":33},"end":{"line":51,"column":5}},"locations":[{"start":{"line":39,"column":33},"end":{"line":51,"column":5}}]},"17":{"type":"branch","line":43,"loc":{"start":{"line":43,"column":25},"end":{"line":48,"column":6}},"locations":[{"start":{"line":43,"column":25},"end":{"line":48,"column":6}}]},"18":{"type":"branch","line":46,"loc":{"start":{"line":46,"column":45},"end":{"line":46,"column":72}},"locations":[{"start":{"line":46,"column":45},"end":{"line":46,"column":72}}]},"19":{"type":"branch","line":88,"loc":{"start":{"line":88,"column":22},"end":{"line":99,"column":19}},"locations":[{"start":{"line":88,"column":22},"end":{"line":99,"column":19}}]},"20":{"type":"branch","line":93,"loc":{"start":{"line":93,"column":34},"end":{"line":94,"column":50}},"locations":[{"start":{"line":93,"column":34},"end":{"line":94,"column":50}}]},"21":{"type":"branch","line":94,"loc":{"start":{"line":94,"column":18},"end":{"line":95,"column":82}},"locations":[{"start":{"line":94,"column":18},"end":{"line":95,"column":82}}]},"22":{"type":"branch","line":91,"loc":{"start":{"line":91,"column":21},"end":{"line":91,"column":50}},"locations":[{"start":{"line":91,"column":21},"end":{"line":91,"column":50}}]}},"b":{"0":[17],"1":[6],"2":[11],"3":[6],"4":[2],"5":[4],"6":[1],"7":[5],"8":[7],"9":[5],"10":[3],"11":[1],"12":[6],"13":[5],"14":[3],"15":[6],"16":[2],"17":[1],"18":[0],"19":[8],"20":[5],"21":[3],"22":[1]},"fnMap":{"0":{"name":"EventPage","decl":{"start":{"line":10,"column":0},"end":{"line":108,"column":1}},"loc":{"start":{"line":10,"column":0},"end":{"line":108,"column":1}},"line":10},"1":{"name":"onClick","decl":{"start":{"line":91,"column":21},"end":{"line":91,"column":50}},"loc":{"start":{"line":91,"column":21},"end":{"line":91,"column":50}},"line":91}},"f":{"0":17,"1":1}}
}
