{"total": {"lines":{"total":1587,"covered":1571,"skipped":0,"pct":98.99},"statements":{"total":1587,"covered":1571,"skipped":0,"pct":98.99},"functions":{"total":69,"covered":67,"skipped":0,"pct":97.1},"branches":{"total":315,"covered":288,"skipped":0,"pct":91.42},"branchesTrue":{"total":0,"covered":0,"skipped":0,"pct":100}}
,"C:\\Projects\\external\\event_experience\\frontend\\src\\components\\features\\CheckIn.tsx": {"lines":{"total":224,"covered":223,"skipped":0,"pct":99.55},"functions":{"total":9,"covered":8,"skipped":0,"pct":88.88},"statements":{"total":224,"covered":223,"skipped":0,"pct":99.55},"branches":{"total":35,"covered":30,"skipped":0,"pct":85.71}}
,"C:\\Projects\\external\\event_experience\\frontend\\src\\components\\features\\ConciergeChat.tsx": {"lines":{"total":122,"covered":122,"skipped":0,"pct":100},"functions":{"total":3,"covered":3,"skipped":0,"pct":100},"statements":{"total":122,"covered":122,"skipped":0,"pct":100},"branches":{"total":27,"covered":24,"skipped":0,"pct":88.88}}
,"C:\\Projects\\external\\event_experience\\frontend\\src\\components\\features\\EngagementWall.tsx": {"lines":{"total":115,"covered":115,"skipped":0,"pct":100},"functions":{"total":5,"covered":5,"skipped":0,"pct":100},"statements":{"total":115,"covered":115,"skipped":0,"pct":100},"branches":{"total":23,"covered":22,"skipped":0,"pct":95.65}}
,"C:\\Projects\\external\\event_experience\\frontend\\src\\components\\features\\PhotoBoard.tsx": {"lines":{"total":93,"covered":93,"skipped":0,"pct":100},"functions":{"total":1,"covered":1,"skipped":0,"pct":100},"statements":{"total":93,"covered":93,"skipped":0,"pct":100},"branches":{"total":19,"covered":15,"skipped":0,"pct":78.94}}
,"C:\\Projects\\external\\event_experience\\frontend\\src\\components\\features\\QrScanner.tsx": {"lines":{"total":122,"covered":112,"skipped":0,"pct":91.8},"functions":{"total":3,"covered":2,"skipped":0,"pct":66.66},"statements":{"total":122,"covered":112,"skipped":0,"pct":91.8},"branches":{"total":22,"covered":18,"skipped":0,"pct":81.81}}
,"C:\\Projects\\external\\event_experience\\frontend\\src\\components\\ui\\ErrorBoundary.tsx": {"lines":{"total":35,"covered":35,"skipped":0,"pct":100},"functions":{"total":5,"covered":5,"skipped":0,"pct":100},"statements":{"total":35,"covered":35,"skipped":0,"pct":100},"branches":{"total":11,"covered":11,"skipped":0,"pct":100}}
,"C:\\Projects\\external\\event_experience\\frontend\\src\\components\\ui\\Icons.tsx": {"lines":{"total":168,"covered":168,"skipped":0,"pct":100},"functions":{"total":23,"covered":23,"skipped":0,"pct":100},"statements":{"total":168,"covered":168,"skipped":0,"pct":100},"branches":{"total":24,"covered":23,"skipped":0,"pct":95.83}}
,"C:\\Projects\\external\\event_experience\\frontend\\src\\hooks\\useAuth.ts": {"lines":{"total":38,"covered":38,"skipped":0,"pct":100},"functions":{"total":1,"covered":1,"skipped":0,"pct":100},"statements":{"total":38,"covered":38,"skipped":0,"pct":100},"branches":{"total":11,"covered":11,"skipped":0,"pct":100}}
,"C:\\Projects\\external\\event_experience\\frontend\\src\\hooks\\useFirestore.ts": {"lines":{"total":97,"covered":97,"skipped":0,"pct":100},"functions":{"total":3,"covered":3,"skipped":0,"pct":100},"statements":{"total":97,"covered":97,"skipped":0,"pct":100},"branches":{"total":27,"covered":26,"skipped":0,"pct":96.29}}
,"C:\\Projects\\external\\event_experience\\frontend\\src\\lib\\api.ts": {"lines":{"total":77,"covered":73,"skipped":0,"pct":94.8},"functions":{"total":6,"covered":6,"skipped":0,"pct":100},"statements":{"total":77,"covered":73,"skipped":0,"pct":94.8},"branches":{"total":23,"covered":19,"skipped":0,"pct":82.6}}
,"C:\\Projects\\external\\event_experience\\frontend\\src\\lib\\constants.ts": {"lines":{"total":1,"covered":1,"skipped":0,"pct":100},"functions":{"total":0,"covered":0,"skipped":0,"pct":100},"statements":{"total":1,"covered":1,"skipped":0,"pct":100},"branches":{"total":0,"covered":0,"skipped":0,"pct":100}}
,"C:\\Projects\\external\\event_experience\\frontend\\src\\lib\\demoData.ts": {"lines":{"total":126,"covered":126,"skipped":0,"pct":100},"functions":{"total":1,"covered":1,"skipped":0,"pct":100},"statements":{"total":126,"covered":126,"skipped":0,"pct":100},"branches":{"total":1,"covered":1,"skipped":0,"pct":100}}
,"C:\\Projects\\external\\event_experience\\frontend\\src\\lib\\firebase.ts": {"lines":{"total":13,"covered":13,"skipped":0,"pct":100},"functions":{"total":0,"covered":0,"skipped":0,"pct":100},"statements":{"total":13,"covered":13,"skipped":0,"pct":100},"branches":{"total":0,"covered":0,"skipped":0,"pct":100}}
,"C:\\Projects\\external\\event_experience\\frontend\\src\\pages\\Admin.tsx": {"lines":{"total":271,"covered":270,"skipped":0,"pct":99.63},"functions":{"total":7,"covered":7,"skipped":0,"pct":100},"statements":{"total":271,"covered":270,"skipped":0,"pct":99.63},"branches":{"total":69,"covered":66,"skipped":0,"pct":95.65}}
,"C:\\Projects\\external\\event_experience\\frontend\\src\\pages\\EventPage.tsx": {"lines":{"total":85,"covered":85,"skipped":0,"pct":100},"functions":{"total":2,"covered":2,"skipped":0,"pct":100},"statements":{"total":85,"covered":85,"skipped":0,"pct":100},"branches":{"total":23,"covered":22,"skipped":0,"pct":95.65}}
}
