TN:
SF:src\components\features\CheckIn.tsx
FN:39,CheckIn
FN:148,onClick
FN:154,onClick
FN:160,onClick
FN:183,onClick
FN:206,onChange
FN:207,onKeyDown
FN:283,onClose
FN:296,ModeTab
FNF:9
FNH:8
FNDA:79,CheckIn
FNDA:0,onClick
FNDA:5,onClick
FNDA:3,onClick
FNDA:2,onClick
FNDA:32,onChange
FNDA:33,onKeyDown
FNDA:1,onClose
FNDA:204,ModeTab
DA:1,1
DA:39,79
DA:40,79
DA:41,79
DA:42,79
DA:43,79
DA:44,79
DA:45,79
DA:46,79
DA:47,79
DA:51,79
DA:52,18
DA:53,18
DA:54,18
DA:55,79
DA:57,79
DA:58,6
DA:59,6
DA:60,6
DA:61,6
DA:62,6
DA:63,6
DA:64,6
DA:65,6
DA:66,6
DA:67,6
DA:68,6
DA:69,5
DA:70,6
DA:71,1
DA:72,6
DA:73,6
DA:74,6
DA:75,79
DA:77,79
DA:78,79
DA:79,1
DA:80,1
DA:81,1
DA:82,79
DA:83,79
DA:85,79
DA:86,4
DA:87,79
DA:89,79
DA:90,79
DA:91,2
DA:92,2
DA:94,2
DA:95,2
DA:96,2
DA:97,2
DA:99,2
DA:100,2
DA:101,2
DA:102,2
DA:103,2
DA:104,2
DA:105,2
DA:106,2
DA:108,2
DA:109,2
DA:110,2
DA:111,2
DA:113,2
DA:116,1
DA:117,1
DA:118,1
DA:119,1
DA:120,1
DA:121,1
DA:122,1
DA:123,1
DA:124,1
DA:125,2
DA:126,0
DA:127,2
DA:128,2
DA:129,2
DA:130,2
DA:131,2
DA:132,79
DA:133,79
DA:135,79
DA:136,79
DA:137,79
DA:138,79
DA:139,79
DA:142,79
DA:143,79
DA:145,79
DA:146,79
DA:147,79
DA:148,79
DA:149,79
DA:150,79
DA:151,79
DA:152,79
DA:153,79
DA:154,79
DA:155,79
DA:156,79
DA:157,79
DA:158,79
DA:159,79
DA:160,79
DA:161,79
DA:162,79
DA:163,79
DA:164,79
DA:166,79
DA:167,79
DA:168,17
DA:169,17
DA:170,17
DA:171,17
DA:172,17
DA:173,17
DA:175,17
DA:176,17
DA:179,17
DA:180,17
DA:181,17
DA:182,17
DA:183,17
DA:184,17
DA:185,17
DA:187,17
DA:189,17
DA:190,17
DA:193,79
DA:194,50
DA:195,50
DA:196,50
DA:197,50
DA:198,50
DA:200,50
DA:201,50
DA:202,50
DA:203,50
DA:204,50
DA:205,50
DA:206,50
DA:207,50
DA:208,50
DA:209,50
DA:210,50
DA:211,50
DA:212,50
DA:213,50
DA:214,50
DA:215,50
DA:216,50
DA:217,50
DA:219,50
DA:221,50
DA:222,50
DA:223,50
DA:226,79
DA:227,12
DA:228,12
DA:229,12
DA:230,12
DA:231,12
DA:233,12
DA:234,12
DA:235,12
DA:236,12
DA:237,12
DA:238,12
DA:239,12
DA:240,12
DA:241,12
DA:242,12
DA:243,12
DA:244,12
DA:245,3
DA:246,3
DA:248,3
DA:250,12
DA:251,1
DA:252,1
DA:253,1
DA:255,12
DA:257,79
DA:259,79
DA:260,7
DA:261,7
DA:262,7
DA:263,7
DA:264,7
DA:265,7
DA:266,7
DA:267,7
DA:268,7
DA:269,7
DA:270,7
DA:271,7
DA:274,79
DA:275,1
DA:276,1
DA:277,1
DA:278,1
DA:279,1
DA:282,79
DA:283,4
DA:285,79
DA:287,79
DA:296,204
DA:297,204
DA:298,204
DA:299,204
DA:300,204
DA:301,204
DA:302,204
DA:303,204
DA:304,204
DA:305,68
DA:306,136
DA:307,204
DA:309,204
DA:310,204
DA:311,204
DA:313,204
LF:224
LH:223
BRDA:39,0,0,79
BRDA:167,1,0,17
BRDA:193,2,0,50
BRDA:216,3,0,46
BRDA:219,4,0,4
BRDA:226,5,0,12
BRDA:244,6,0,3
BRDA:250,7,0,1
BRDA:259,8,0,7
BRDA:274,9,0,1
BRDA:282,10,0,4
BRDA:51,11,0,18
BRDA:57,12,0,6
BRDA:59,13,0,0
BRDA:68,14,0,5
BRDA:70,15,0,1
BRDA:71,16,0,0
BRDA:78,17,0,1
BRDA:85,18,0,4
BRDA:90,19,0,2
BRDA:92,20,0,0
BRDA:113,21,0,1
BRDA:122,22,0,0
BRDA:125,23,0,0
BRDA:103,24,0,17
BRDA:154,25,0,5
BRDA:160,26,0,3
BRDA:183,27,0,2
BRDA:206,28,0,32
BRDA:207,29,0,33
BRDA:207,30,0,1
BRDA:283,31,0,1
BRDA:296,32,0,204
BRDA:304,33,0,68
BRDA:305,34,0,136
BRF:35
BRH:30
end_of_record
TN:
SF:src\components\features\ConciergeChat.tsx
FN:6,ConciergeChat
FN:37,appendToAssistant
FN:130,onChange
FNF:3
FNH:3
FNDA:57,ConciergeChat
FNDA:5,appendToAssistant
FNDA:43,onChange
DA:1,1
DA:6,57
DA:7,57
DA:8,57
DA:9,57
DA:10,57
DA:12,57
DA:13,7
DA:14,57
DA:16,57
DA:17,4
DA:18,4
DA:20,4
DA:21,4
DA:22,4
DA:23,4
DA:24,4
DA:26,4
DA:27,4
DA:28,4
DA:29,4
DA:31,4
DA:32,4
DA:33,4
DA:34,4
DA:35,4
DA:37,4
DA:38,5
DA:39,5
DA:40,5
DA:41,5
DA:42,5
DA:43,5
DA:44,5
DA:45,5
DA:46,5
DA:47,5
DA:48,5
DA:50,4
DA:51,4
DA:52,4
DA:53,4
DA:54,4
DA:55,4
DA:56,4
DA:57,4
DA:58,4
DA:59,4
DA:60,4
DA:61,4
DA:62,4
DA:63,4
DA:64,4
DA:65,1
DA:66,1
DA:67,4
DA:68,3
DA:69,3
DA:70,3
DA:71,57
DA:73,57
DA:74,57
DA:75,48
DA:76,3
DA:77,3
DA:78,3
DA:79,48
DA:80,57
DA:81,57
DA:83,57
DA:84,57
DA:85,57
DA:86,57
DA:87,57
DA:89,57
DA:90,57
DA:92,57
DA:93,57
DA:94,50
DA:95,50
DA:96,50
DA:97,50
DA:99,50
DA:100,50
DA:101,50
DA:104,57
DA:105,14
DA:106,14
DA:107,14
DA:109,14
DA:110,14
DA:111,14
DA:112,7
DA:113,7
DA:114,14
DA:116,14
DA:117,14
DA:118,4
DA:120,14
DA:121,14
DA:122,57
DA:123,57
DA:124,57
DA:126,57
DA:127,57
DA:128,57
DA:129,57
DA:130,57
DA:131,57
DA:132,57
DA:133,57
DA:134,57
DA:135,57
DA:136,57
DA:137,57
DA:138,57
DA:139,57
DA:140,57
DA:142,57
DA:143,57
DA:144,57
DA:146,57
LF:122
LH:122
BRDA:6,0,0,57
BRDA:93,1,0,50
BRDA:138,2,0,40
BRDA:12,3,0,7
BRDA:16,4,0,4
BRDA:18,5,0,0
BRDA:63,6,0,2
BRDA:64,7,0,1
BRDA:65,8,0,0
BRDA:67,9,0,3
BRDA:37,10,0,5
BRDA:38,11,0,5
BRDA:39,12,0,0
BRDA:54,13,0,4
BRDA:59,14,0,4
BRDA:74,15,0,48
BRDA:75,16,0,4
BRDA:75,17,0,3
BRDA:104,18,0,14
BRDA:107,19,0,7
BRDA:107,20,0,7
BRDA:111,21,0,7
BRDA:112,22,0,7
BRDA:117,23,0,7
BRDA:117,24,0,4
BRDA:117,25,0,4
BRDA:130,26,0,43
BRF:27
BRH:24
end_of_record
TN:
SF:src\components\features\EngagementWall.tsx
FN:14,ReactionBar
FN:45,onClick
FN:61,QuestionBoard
FN:102,onChange
FN:138,EngagementWall
FNF:5
FNH:5
FNDA:10,ReactionBar
FNDA:2,onClick
FNDA:53,QuestionBoard
FNDA:40,onChange
FNDA:10,EngagementWall
DA:1,1
DA:7,1
DA:14,10
DA:15,10
DA:16,10
DA:17,10
DA:18,10
DA:19,10
DA:20,10
DA:21,10
DA:23,10
DA:24,10
DA:25,2
DA:26,1
DA:27,2
DA:28,10
DA:29,10
DA:31,10
DA:32,3
DA:33,3
DA:34,10
DA:36,10
DA:37,10
DA:38,10
DA:40,10
DA:41,10
DA:42,10
DA:43,60
DA:44,60
DA:45,60
DA:46,60
DA:48,60
DA:49,60
DA:50,2
DA:51,2
DA:52,2
DA:53,58
DA:54,60
DA:55,10
DA:56,10
DA:57,10
DA:59,10
DA:61,53
DA:62,53
DA:63,53
DA:64,53
DA:65,53
DA:66,53
DA:67,53
DA:68,53
DA:69,53
DA:71,53
DA:72,3
DA:73,3
DA:74,3
DA:75,3
DA:76,3
DA:77,3
DA:78,3
DA:79,3
DA:80,53
DA:82,53
DA:83,53
DA:84,42
DA:85,2
DA:86,2
DA:87,2
DA:88,42
DA:89,53
DA:90,53
DA:92,53
DA:93,53
DA:94,53
DA:96,53
DA:98,53
DA:99,53
DA:100,53
DA:101,53
DA:102,53
DA:103,53
DA:104,53
DA:105,53
DA:106,53
DA:107,53
DA:108,53
DA:109,53
DA:110,53
DA:111,53
DA:112,53
DA:114,53
DA:115,53
DA:117,53
DA:118,1
DA:119,52
DA:120,51
DA:122,1
DA:123,1
DA:124,2
DA:125,2
DA:126,2
DA:128,2
DA:129,2
DA:130,2
DA:131,1
DA:132,1
DA:134,53
DA:136,53
DA:138,10
DA:139,10
DA:140,10
DA:141,10
DA:142,10
DA:143,10
DA:144,10
DA:146,10
LF:115
LH:115
BRDA:14,0,0,10
BRDA:24,1,0,2
BRDA:25,2,0,1
BRDA:31,3,0,3
BRDA:32,4,0,2
BRDA:42,5,0,60
BRDA:49,6,0,2
BRDA:52,7,0,58
BRDA:45,8,0,2
BRDA:61,9,0,53
BRDA:117,10,0,1
BRDA:118,11,0,52
BRDA:119,12,0,51
BRDA:120,13,0,1
BRDA:71,14,0,3
BRDA:72,15,0,0
BRDA:76,16,0,1
BRDA:83,17,0,42
BRDA:84,18,0,2
BRDA:84,19,0,2
BRDA:102,20,0,40
BRDA:123,21,0,2
BRDA:138,22,0,10
BRF:23
BRH:22
end_of_record
TN:
SF:src\components\features\PhotoBoard.tsx
FN:8,PhotoBoard
FNF:1
FNH:1
FNDA:21,PhotoBoard
DA:1,1
DA:8,21
DA:9,21
DA:10,21
DA:11,21
DA:13,21
DA:14,21
DA:15,21
DA:16,21
DA:18,21
DA:19,21
DA:20,4
DA:21,4
DA:23,4
DA:24,4
DA:26,4
DA:27,4
DA:30,4
DA:31,4
DA:32,4
DA:33,4
DA:34,4
DA:36,3
DA:37,3
DA:38,3
DA:39,4
DA:40,4
DA:41,4
DA:43,3
DA:44,3
DA:45,3
DA:46,3
DA:47,3
DA:49,4
DA:50,4
DA:51,1
DA:52,4
DA:53,4
DA:54,4
DA:55,4
DA:56,4
DA:57,4
DA:58,21
DA:59,21
DA:61,21
DA:62,21
DA:63,21
DA:64,21
DA:65,21
DA:67,21
DA:68,21
DA:70,21
DA:71,21
DA:72,21
DA:73,21
DA:74,21
DA:75,21
DA:76,21
DA:77,21
DA:78,21
DA:79,21
DA:80,14
DA:82,21
DA:84,21
DA:85,1
DA:86,20
DA:87,19
DA:89,1
DA:90,1
DA:91,2
DA:92,2
DA:93,2
DA:95,2
DA:96,2
DA:97,2
DA:98,2
DA:99,2
DA:100,1
DA:101,1
DA:102,2
DA:103,2
DA:104,2
DA:106,2
DA:107,2
DA:108,1
DA:109,1
DA:111,1
DA:113,2
DA:114,2
DA:115,1
DA:116,1
DA:118,21
DA:120,21
LF:93
LH:93
BRDA:8,0,0,21
BRDA:79,1,0,14
BRDA:84,2,0,1
BRDA:85,3,0,20
BRDA:86,4,0,19
BRDA:87,5,0,1
BRDA:19,6,0,4
BRDA:21,7,0,0
BRDA:33,8,0,0
BRDA:34,9,0,3
BRDA:39,10,0,0
BRDA:41,11,0,3
BRDA:49,12,0,1
BRDA:50,13,0,1
BRDA:51,14,0,0
BRDA:90,15,0,2
BRDA:99,16,0,1
BRDA:109,17,0,1
BRDA:101,18,0,2
BRF:19
BRH:15
end_of_record
TN:
SF:src\components\features\QrScanner.tsx
FN:32,QrScanner
FN:62,start
FN:74,qrbox
FNF:3
FNH:2
FNDA:12,QrScanner
FNDA:6,start
FNDA:0,qrbox
DA:1,1
DA:17,1
DA:32,12
DA:33,12
DA:34,12
DA:35,12
DA:36,12
DA:37,12
DA:38,12
DA:39,12
DA:40,12
DA:42,12
DA:43,12
DA:44,3
DA:47,3
DA:48,3
DA:49,1
DA:50,3
DA:51,1
DA:52,1
DA:53,2
DA:54,2
DA:55,3
DA:56,12
DA:57,12
DA:59,12
DA:60,6
DA:62,6
DA:63,6
DA:64,6
DA:65,6
DA:66,6
DA:67,6
DA:68,6
DA:70,6
DA:71,6
DA:72,6
DA:73,6
DA:74,6
DA:75,0
DA:76,0
DA:77,0
DA:78,6
DA:79,6
DA:80,6
DA:82,0
DA:83,6
DA:85,6
DA:86,0
DA:87,0
DA:88,0
DA:89,4
DA:90,6
DA:91,2
DA:92,2
DA:93,1
DA:94,1
DA:95,1
DA:96,1
DA:97,1
DA:98,1
DA:99,0
DA:100,0
DA:101,0
DA:102,2
DA:103,2
DA:104,6
DA:106,6
DA:108,6
DA:109,6
DA:110,6
DA:111,6
DA:112,6
DA:113,4
DA:114,4
DA:115,4
DA:116,4
DA:117,6
DA:118,12
DA:120,12
DA:121,12
DA:122,12
DA:123,12
DA:124,12
DA:125,12
DA:127,12
DA:128,12
DA:129,12
DA:130,12
DA:131,12
DA:132,12
DA:133,12
DA:135,12
DA:136,12
DA:137,12
DA:139,12
DA:140,12
DA:142,12
DA:143,6
DA:144,6
DA:145,6
DA:146,6
DA:149,12
DA:150,2
DA:151,2
DA:152,2
DA:153,2
DA:154,2
DA:155,2
DA:156,2
DA:157,2
DA:158,2
DA:159,2
DA:160,2
DA:162,2
DA:163,2
DA:164,2
DA:166,12
DA:168,12
DA:171,12
DA:172,12
DA:174,12
LF:122
LH:112
BRDA:32,0,0,12
BRDA:142,1,0,6
BRDA:142,2,0,6
BRDA:149,3,0,2
BRDA:43,4,0,3
BRDA:48,5,0,1
BRDA:50,6,0,1
BRDA:52,7,0,2
BRDA:59,8,0,6
BRDA:62,9,0,6
BRDA:83,10,0,4
BRDA:85,11,0,0
BRDA:88,12,0,4
BRDA:90,13,0,2
BRDA:91,14,0,0
BRDA:92,15,0,1
BRDA:92,16,0,1
BRDA:96,17,0,0
BRDA:98,18,0,0
BRDA:108,19,0,6
BRDA:112,20,0,4
BRDA:114,21,0,4
BRF:22
BRH:18
end_of_record
TN:
SF:src\components\ui\ErrorBoundary.tsx
FN:15,<instance_members_initializer>
FN:17,getDerivedStateFromError
FN:21,componentDidCatch
FN:28,reset
FN:30,render
FNF:5
FNH:5
FNDA:31,<instance_members_initializer>
FNDA:8,getDerivedStateFromError
FNDA:4,componentDidCatch
FNDA:1,reset
FNDA:43,render
DA:1,1
DA:14,1
DA:15,1
DA:17,31
DA:18,8
DA:19,8
DA:21,31
DA:25,4
DA:26,4
DA:28,31
DA:30,1
DA:31,43
DA:32,43
DA:34,19
DA:36,7
DA:37,7
DA:38,7
DA:39,7
DA:40,7
DA:41,7
DA:42,7
DA:44,7
DA:45,7
DA:46,19
DA:47,43
DA:48,43
DA:49,43
DA:50,43
DA:51,43
DA:52,43
DA:54,43
DA:55,43
DA:56,43
DA:58,43
DA:59,1
LF:35
LH:35
BRDA:15,0,0,31
BRDA:17,1,0,8
BRDA:21,2,0,4
BRDA:28,3,0,1
BRDA:30,4,0,43
BRDA:32,5,0,34
BRDA:32,6,0,19
BRDA:32,7,0,9
BRDA:34,8,0,2
BRDA:34,9,0,7
BRDA:46,10,0,2
BRF:11
BRH:11
end_of_record
TN:
SF:src\components\ui\Icons.tsx
FN:13,Icon
FN:21,ZapIcon
FN:29,BotIcon
FN:39,ScanLineIcon
FN:47,CameraIcon
FN:56,MenuIcon
FN:64,XIcon
FN:72,MailIcon
FN:81,LockIcon
FN:90,EyeIcon
FN:99,EyeOffIcon
FN:108,LogOutIcon
FN:116,UserIcon
FN:125,LoaderIcon
FN:133,AlertCircleIcon
FN:142,ShieldIcon
FN:150,QrCodeIcon
FN:161,VideoIcon
FN:170,CheckCircleIcon
FN:179,SearchIcon
FN:188,PrinterIcon
FN:198,RefreshIcon
FN:208,GoogleIcon
FNF:23
FNH:23
FNDA:975,Icon
FNDA:118,ZapIcon
FNDA:10,BotIcon
FNDA:25,ScanLineIcon
FNDA:78,CameraIcon
FNDA:10,MenuIcon
FNDA:13,XIcon
FNDA:100,MailIcon
FNDA:134,LockIcon
FNDA:99,EyeIcon
FNDA:2,EyeOffIcon
FNDA:2,LogOutIcon
FNDA:1,UserIcon
FNDA:27,LoaderIcon
FNDA:13,AlertCircleIcon
FNDA:50,ShieldIcon
FNDA:69,QrCodeIcon
FNDA:84,VideoIcon
FNDA:13,CheckCircleIcon
FNDA:41,SearchIcon
FNDA:41,PrinterIcon
FNDA:45,RefreshIcon
FNDA:99,GoogleIcon
DA:1,1
DA:5,1
DA:6,1
DA:7,1
DA:8,1
DA:9,1
DA:10,1
DA:11,1
DA:13,975
DA:14,975
DA:15,975
DA:16,975
DA:17,975
DA:19,975
DA:21,1
DA:22,118
DA:23,118
DA:24,118
DA:25,118
DA:27,118
DA:29,1
DA:30,10
DA:31,10
DA:32,10
DA:33,10
DA:34,10
DA:35,10
DA:37,10
DA:39,1
DA:40,25
DA:41,25
DA:42,25
DA:43,25
DA:45,25
DA:47,1
DA:48,78
DA:49,78
DA:50,78
DA:51,78
DA:52,78
DA:54,78
DA:56,1
DA:57,10
DA:58,10
DA:59,10
DA:60,10
DA:62,10
DA:64,1
DA:65,13
DA:66,13
DA:67,13
DA:68,13
DA:70,13
DA:72,1
DA:73,100
DA:74,100
DA:75,100
DA:76,100
DA:77,100
DA:79,100
DA:81,1
DA:82,134
DA:83,134
DA:84,134
DA:85,134
DA:86,134
DA:88,134
DA:90,1
DA:91,99
DA:92,99
DA:93,99
DA:94,99
DA:95,99
DA:97,99
DA:99,1
DA:100,2
DA:101,2
DA:102,2
DA:103,2
DA:104,2
DA:106,2
DA:108,1
DA:109,2
DA:110,2
DA:111,2
DA:112,2
DA:114,2
DA:116,1
DA:117,1
DA:118,1
DA:119,1
DA:120,1
DA:121,1
DA:123,1
DA:125,1
DA:126,27
DA:127,27
DA:128,27
DA:129,27
DA:131,27
DA:133,1
DA:134,13
DA:135,13
DA:136,13
DA:137,13
DA:138,13
DA:140,13
DA:142,1
DA:143,50
DA:144,50
DA:145,50
DA:146,50
DA:148,50
DA:150,1
DA:151,69
DA:152,69
DA:153,69
DA:154,69
DA:155,69
DA:156,69
DA:157,69
DA:159,69
DA:161,1
DA:162,84
DA:163,84
DA:164,84
DA:165,84
DA:166,84
DA:168,84
DA:170,1
DA:171,13
DA:172,13
DA:173,13
DA:174,13
DA:175,13
DA:177,13
DA:179,1
DA:180,41
DA:181,41
DA:182,41
DA:183,41
DA:184,41
DA:186,41
DA:188,1
DA:189,41
DA:190,41
DA:191,41
DA:192,41
DA:193,41
DA:194,41
DA:196,41
DA:198,1
DA:199,45
DA:200,45
DA:201,45
DA:202,45
DA:203,45
DA:204,45
DA:206,45
DA:208,1
DA:209,99
DA:210,99
DA:211,99
DA:212,99
DA:213,99
DA:214,99
DA:215,99
DA:217,99
LF:168
LH:168
BRDA:13,0,0,975
BRDA:21,1,0,118
BRDA:29,2,0,10
BRDA:39,3,0,25
BRDA:47,4,0,78
BRDA:56,5,0,10
BRDA:64,6,0,13
BRDA:72,7,0,100
BRDA:81,8,0,134
BRDA:90,9,0,99
BRDA:99,10,0,2
BRDA:108,11,0,2
BRDA:116,12,0,1
BRDA:125,13,0,27
BRDA:133,14,0,13
BRDA:142,15,0,50
BRDA:150,16,0,69
BRDA:161,17,0,84
BRDA:170,18,0,13
BRDA:179,19,0,41
BRDA:188,20,0,41
BRDA:198,21,0,45
BRDA:208,22,0,99
BRDA:210,23,0,0
BRF:24
BRH:23
end_of_record
TN:
SF:src\hooks\useAuth.ts
FN:14,useAuth
FNF:1
FNH:1
FNDA:17,useAuth
DA:1,1
DA:14,1
DA:15,17
DA:16,17
DA:18,17
DA:19,13
DA:20,4
DA:21,4
DA:22,13
DA:23,13
DA:24,17
DA:26,17
DA:27,1
DA:28,1
DA:29,17
DA:31,17
DA:32,2
DA:33,17
DA:35,17
DA:36,1
DA:37,17
DA:39,17
DA:40,1
DA:41,17
DA:43,17
DA:44,3
DA:45,2
DA:46,17
DA:48,17
DA:49,17
DA:50,17
DA:51,17
DA:52,17
DA:53,17
DA:54,17
DA:55,17
DA:56,17
DA:57,17
LF:38
LH:38
BRDA:14,0,0,17
BRDA:18,1,0,13
BRDA:19,2,0,4
BRDA:26,3,0,1
BRDA:31,4,0,2
BRDA:32,5,0,1
BRDA:35,6,0,1
BRDA:39,7,0,1
BRDA:43,8,0,3
BRDA:44,9,0,1
BRDA:44,10,0,2
BRF:11
BRH:11
end_of_record
TN:
SF:src\hooks\useFirestore.ts
FN:25,useCollection
FN:73,addDocument
FN:90,seedDemoData
FNF:3
FNH:3
FNDA:8,useCollection
FNDA:2,addDocument
FNDA:7,seedDemoData
DA:1,1
DA:25,1
DA:26,8
DA:27,8
DA:32,8
DA:33,8
DA:34,8
DA:36,8
DA:37,6
DA:38,1
DA:39,1
DA:40,1
DA:41,1
DA:43,5
DA:44,5
DA:46,6
DA:47,1
DA:48,1
DA:49,6
DA:50,1
DA:51,1
DA:53,6
DA:55,6
DA:56,1
DA:57,2
DA:58,2
DA:59,1
DA:60,1
DA:61,1
DA:62,6
DA:64,6
DA:65,8
DA:67,8
DA:68,8
DA:73,2
DA:74,2
DA:75,2
DA:76,2
DA:77,2
DA:78,2
DA:79,1
DA:80,1
DA:90,7
DA:91,7
DA:93,7
DA:94,7
DA:95,7
DA:96,7
DA:97,7
DA:98,7
DA:100,6
DA:101,6
DA:102,6
DA:103,6
DA:104,6
DA:105,6
DA:106,6
DA:107,6
DA:108,6
DA:109,6
DA:110,6
DA:111,6
DA:112,6
DA:113,6
DA:114,6
DA:115,6
DA:116,6
DA:117,6
DA:118,6
DA:119,6
DA:120,6
DA:121,6
DA:122,6
DA:123,6
DA:124,6
DA:125,6
DA:126,6
DA:127,6
DA:128,6
DA:129,6
DA:131,7
DA:132,24
DA:133,24
DA:134,24
DA:137,6
DA:138,7
DA:139,90
DA:140,90
DA:141,90
DA:142,90
DA:143,90
DA:144,90
DA:145,90
DA:146,90
DA:147,6
DA:149,5
DA:150,5
LF:97
LH:97
BRDA:25,0,0,8
BRDA:65,1,0,1
BRDA:65,2,0,1
BRDA:65,3,0,1
BRDA:36,4,0,6
BRDA:37,5,0,1
BRDA:41,6,0,5
BRDA:46,7,0,1
BRDA:46,8,0,1
BRDA:47,9,0,0
BRDA:48,10,0,5
BRDA:49,11,0,1
BRDA:49,12,0,1
BRDA:51,13,0,5
BRDA:53,14,0,1
BRDA:53,15,0,4
BRDA:55,16,0,1
BRDA:56,17,0,2
BRDA:73,18,0,2
BRDA:78,19,0,1
BRDA:90,20,0,7
BRDA:98,21,0,6
BRDA:131,22,0,24
BRDA:134,23,0,6
BRDA:138,24,0,90
BRDA:146,25,0,6
BRDA:147,26,0,5
BRF:27
BRH:26
end_of_record
TN:
SF:src\lib\api.ts
FN:6,ApiError
FN:16,getHeaders
FN:28,toApiError
FN:54,apiGet
FN:60,apiPost
FN:70,apiStreamPost
FNF:6
FNH:6
FNDA:5,ApiError
FNDA:12,getHeaders
FNDA:5,toApiError
FNDA:6,apiGet
FNDA:3,apiPost
FNDA:3,apiStreamPost
DA:1,1
DA:3,1
DA:5,1
DA:6,1
DA:7,5
DA:8,5
DA:9,5
DA:10,5
DA:11,5
DA:12,5
DA:13,5
DA:14,1
DA:16,12
DA:17,12
DA:19,12
DA:20,12
DA:21,1
DA:22,1
DA:23,1
DA:25,12
DA:26,12
DA:28,5
DA:30,5
DA:31,5
DA:32,5
DA:33,5
DA:34,2
DA:35,2
DA:36,2
DA:37,2
DA:38,2
DA:39,0
DA:40,2
DA:41,0
DA:42,0
DA:43,2
DA:44,5
DA:46,0
DA:48,5
DA:49,2
DA:50,3
DA:51,5
DA:52,5
DA:54,6
DA:55,6
DA:56,6
DA:57,3
DA:58,3
DA:60,3
DA:61,3
DA:62,3
DA:63,3
DA:64,3
DA:65,3
DA:66,3
DA:67,2
DA:68,2
DA:70,3
DA:71,3
DA:72,3
DA:73,3
DA:74,3
DA:75,3
DA:76,3
DA:77,3
DA:78,3
DA:79,3
DA:80,3
DA:82,3
DA:83,3
DA:85,1
DA:86,3
DA:87,3
DA:88,3
DA:89,2
DA:90,2
DA:91,3
LF:77
LH:73
BRDA:3,0,0,0
BRDA:6,1,0,5
BRDA:16,2,0,12
BRDA:20,3,0,1
BRDA:28,4,0,5
BRDA:33,5,0,2
BRDA:38,6,0,0
BRDA:40,7,0,0
BRDA:44,8,0,0
BRDA:48,9,0,2
BRDA:49,10,0,3
BRDA:54,11,0,6
BRDA:56,12,0,3
BRDA:60,13,0,3
BRDA:66,14,0,1
BRDA:66,15,0,2
BRDA:70,16,0,3
BRDA:80,17,0,1
BRDA:80,18,0,2
BRDA:82,19,0,1
BRDA:83,20,0,1
BRDA:88,21,0,1
BRDA:88,22,0,2
BRF:23
BRH:19
end_of_record
TN:
SF:src\lib\constants.ts
FNF:0
FNH:0
DA:8,1
LF:1
LH:1
BRF:0
BRH:0
end_of_record
TN:
SF:src\lib\demoData.ts
FN:143,attendeeQrPayload
FNF:1
FNH:1
FNDA:15,attendeeQrPayload
DA:13,1
DA:15,1
DA:16,1
DA:17,1
DA:18,1
DA:19,1
DA:20,1
DA:21,1
DA:22,1
DA:23,1
DA:24,1
DA:25,1
DA:26,1
DA:27,1
DA:28,1
DA:29,1
DA:30,1
DA:31,1
DA:32,1
DA:33,1
DA:34,1
DA:35,1
DA:36,1
DA:37,1
DA:38,1
DA:39,1
DA:40,1
DA:41,1
DA:42,1
DA:43,1
DA:44,1
DA:45,1
DA:46,1
DA:47,1
DA:48,1
DA:49,1
DA:50,1
DA:51,1
DA:52,1
DA:53,1
DA:54,1
DA:55,1
DA:56,1
DA:57,1
DA:58,1
DA:59,1
DA:60,1
DA:61,1
DA:62,1
DA:63,1
DA:64,1
DA:65,1
DA:66,1
DA:67,1
DA:68,1
DA:69,1
DA:70,1
DA:71,1
DA:72,1
DA:73,1
DA:74,1
DA:75,1
DA:76,1
DA:77,1
DA:78,1
DA:79,1
DA:80,1
DA:81,1
DA:82,1
DA:83,1
DA:84,1
DA:85,1
DA:86,1
DA:87,1
DA:88,1
DA:89,1
DA:90,1
DA:91,1
DA:92,1
DA:93,1
DA:94,1
DA:95,1
DA:96,1
DA:97,1
DA:98,1
DA:99,1
DA:100,1
DA:101,1
DA:102,1
DA:103,1
DA:104,1
DA:105,1
DA:106,1
DA:107,1
DA:108,1
DA:109,1
DA:110,1
DA:111,1
DA:112,1
DA:113,1
DA:114,1
DA:115,1
DA:116,1
DA:117,1
DA:118,1
DA:119,1
DA:120,1
DA:121,1
DA:122,1
DA:123,1
DA:124,1
DA:125,1
DA:126,1
DA:127,1
DA:128,1
DA:129,1
DA:130,1
DA:131,1
DA:132,1
DA:133,1
DA:134,1
DA:135,1
DA:136,1
DA:143,1
DA:144,15
DA:145,15
LF:126
LH:126
BRDA:143,0,0,15
BRF:1
BRH:1
end_of_record
TN:
SF:src\lib\firebase.ts
FNF:0
FNH:0
DA:1,1
DA:6,1
DA:7,1
DA:8,1
DA:9,1
DA:10,1
DA:11,1
DA:12,1
DA:13,1
DA:15,1
DA:17,1
DA:18,1
DA:19,1
LF:13
LH:13
BRF:0
BRH:0
end_of_record
TN:
SF:src\pages\Admin.tsx
FN:41,AdminPage
FN:175,onChange
FN:185,onClick
FN:221,StatCard
FN:242,AttendeeCard
FN:332,StatusPill
FN:354,EmptyState
FNF:7
FNH:7
FNDA:41,AdminPage
FNDA:19,onChange
FNDA:2,onClick
FNDA:120,StatCard
FNDA:32,AttendeeCard
FNDA:31,StatusPill
FNDA:26,EmptyState
DA:1,1
DA:41,41
DA:42,41
DA:43,41
DA:44,41
DA:45,41
DA:46,41
DA:48,41
DA:49,41
DA:50,41
DA:51,41
DA:52,41
DA:54,41
DA:55,13
DA:56,13
DA:57,13
DA:58,41
DA:60,41
DA:61,34
DA:62,34
DA:63,36
DA:64,36
DA:65,36
DA:66,22
DA:67,22
DA:68,19
DA:69,19
DA:71,34
DA:72,41
DA:74,41
DA:75,3
DA:76,3
DA:77,3
DA:78,3
DA:79,3
DA:80,1
DA:81,1
DA:82,1
DA:83,3
DA:84,2
DA:85,2
DA:86,41
DA:88,41
DA:89,41
DA:90,2
DA:91,2
DA:92,2
DA:93,2
DA:94,2
DA:95,1
DA:96,1
DA:97,1
DA:98,1
DA:99,1
DA:100,2
DA:101,41
DA:102,41
DA:104,41
DA:105,1
DA:106,41
DA:108,41
DA:109,41
DA:110,41
DA:111,41
DA:112,41
DA:113,41
DA:114,41
DA:115,41
DA:116,41
DA:118,41
DA:119,41
DA:120,41
DA:121,41
DA:122,41
DA:123,41
DA:125,41
DA:126,41
DA:127,41
DA:128,41
DA:129,41
DA:130,41
DA:132,41
DA:134,41
DA:135,41
DA:136,41
DA:137,41
DA:138,41
DA:139,41
DA:141,41
DA:142,3
DA:144,37
DA:146,41
DA:147,41
DA:148,41
DA:149,41
DA:151,41
DA:152,1
DA:153,1
DA:154,1
DA:155,1
DA:157,41
DA:158,2
DA:159,2
DA:160,2
DA:163,41
DA:164,41
DA:165,41
DA:166,41
DA:167,41
DA:169,41
DA:170,41
DA:171,41
DA:172,41
DA:173,41
DA:174,41
DA:175,41
DA:176,41
DA:177,41
DA:178,41
DA:179,41
DA:180,41
DA:181,41
DA:182,120
DA:183,120
DA:184,120
DA:185,120
DA:186,120
DA:187,120
DA:188,40
DA:189,80
DA:190,120
DA:192,120
DA:193,120
DA:194,41
DA:195,41
DA:196,41
DA:198,41
DA:199,1
DA:200,1
DA:201,1
DA:202,39
DA:203,26
DA:205,13
DA:206,13
DA:207,16
DA:208,13
DA:209,13
DA:211,41
DA:213,41
DA:221,120
DA:222,120
DA:223,120
DA:224,120
DA:225,120
DA:226,120
DA:227,120
DA:228,120
DA:229,120
DA:230,120
DA:231,120
DA:232,120
DA:233,120
DA:235,120
DA:242,32
DA:243,32
DA:244,32
DA:246,32
DA:247,11
DA:248,11
DA:249,11
DA:250,11
DA:251,11
DA:252,11
DA:253,11
DA:254,11
DA:255,11
DA:256,11
DA:257,0
DA:258,11
DA:259,11
DA:260,11
DA:261,11
DA:262,32
DA:264,32
DA:265,2
DA:266,2
DA:267,2
DA:268,2
DA:269,2
DA:270,2
DA:271,32
DA:273,32
DA:274,32
DA:275,32
DA:276,32
DA:277,32
DA:278,32
DA:279,32
DA:280,32
DA:281,32
DA:282,32
DA:283,32
DA:284,32
DA:285,32
DA:286,32
DA:288,32
DA:289,31
DA:290,31
DA:291,62
DA:292,62
DA:293,62
DA:295,62
DA:296,62
DA:297,31
DA:298,31
DA:301,32
DA:302,32
DA:303,20
DA:304,20
DA:305,20
DA:306,20
DA:307,20
DA:309,11
DA:311,11
DA:313,32
DA:315,32
DA:316,32
DA:317,32
DA:318,32
DA:319,32
DA:320,32
DA:321,6
DA:322,25
DA:323,32
DA:325,32
DA:326,32
DA:327,32
DA:328,32
DA:330,32
DA:332,31
DA:333,31
DA:334,6
DA:335,6
DA:336,6
DA:338,6
DA:340,6
DA:341,25
DA:342,25
DA:344,25
DA:346,25
DA:354,26
DA:355,26
DA:356,16
DA:357,16
DA:359,16
DA:361,16
DA:362,10
DA:363,10
DA:364,10
DA:366,10
DA:367,10
DA:369,10
DA:370,10
DA:371,10
DA:372,10
DA:373,10
DA:374,10
DA:376,26
DA:378,26
DA:379,26
DA:381,26
LF:271
LH:270
BRDA:41,0,0,41
BRDA:141,1,0,3
BRDA:142,2,0,37
BRDA:146,3,0,3
BRDA:146,4,0,37
BRDA:151,5,0,1
BRDA:157,6,0,2
BRDA:157,7,0,2
BRDA:198,8,0,1
BRDA:201,9,0,39
BRDA:202,10,0,26
BRDA:203,11,0,13
BRDA:54,12,0,13
BRDA:56,13,0,10
BRDA:60,14,0,34
BRDA:62,15,0,36
BRDA:63,16,0,2
BRDA:63,17,0,1
BRDA:63,18,0,35
BRDA:64,19,0,2
BRDA:64,20,0,1
BRDA:64,21,0,34
BRDA:65,22,0,12
BRDA:65,23,0,22
BRDA:67,24,0,19
BRDA:68,25,0,19
BRDA:74,26,0,3
BRDA:79,27,0,1
BRDA:82,28,0,0
BRDA:83,29,0,2
BRDA:89,30,0,2
BRDA:93,31,0,0
BRDA:94,32,0,1
BRDA:97,33,0,0
BRDA:104,34,0,1
BRDA:175,35,0,19
BRDA:181,36,0,120
BRDA:187,37,0,40
BRDA:188,38,0,80
BRDA:192,39,0,40
BRDA:192,40,0,80
BRDA:192,41,0,40
BRDA:192,42,0,40
BRDA:185,43,0,2
BRDA:206,44,0,16
BRDA:221,45,0,120
BRDA:242,46,0,32
BRDA:288,47,0,31
BRDA:288,48,0,31
BRDA:302,49,0,20
BRDA:307,50,0,11
BRDA:320,51,0,6
BRDA:321,52,0,25
BRDA:325,53,0,3
BRDA:326,54,0,6
BRDA:326,55,0,25
BRDA:246,56,0,11
BRDA:253,57,0,11
BRDA:259,58,0,11
BRDA:264,59,0,2
BRDA:290,60,0,62
BRDA:332,61,0,31
BRDA:333,62,0,6
BRDA:340,63,0,25
BRDA:354,64,0,26
BRDA:355,65,0,16
BRDA:361,66,0,10
BRDA:376,67,0,3
BRDA:376,68,0,7
BRF:69
BRH:66
end_of_record
TN:
SF:src\pages\EventPage.tsx
FN:10,EventPage
FN:91,onClick
FNF:2
FNH:2
FNDA:17,EventPage
FNDA:1,onClick
DA:1,1
DA:10,17
DA:11,17
DA:12,17
DA:13,17
DA:14,17
DA:15,17
DA:17,17
DA:18,7
DA:19,7
DA:20,7
DA:21,7
DA:22,5
DA:23,5
DA:24,5
DA:25,5
DA:26,5
DA:27,7
DA:28,7
DA:29,1
DA:30,7
DA:31,6
DA:32,6
DA:33,17
DA:35,17
DA:36,6
DA:37,17
DA:39,17
DA:40,2
DA:41,2
DA:42,2
DA:43,2
DA:44,1
DA:45,1
DA:46,1
DA:47,1
DA:48,2
DA:49,2
DA:50,2
DA:51,17
DA:53,17
DA:54,6
DA:55,6
DA:56,6
DA:57,6
DA:59,6
DA:61,17
DA:62,6
DA:63,6
DA:64,6
DA:65,6
DA:67,6
DA:68,6
DA:69,6
DA:70,6
DA:71,6
DA:72,6
DA:74,6
DA:75,6
DA:76,6
DA:77,1
DA:78,1
DA:79,1
DA:81,6
DA:83,6
DA:85,5
DA:86,5
DA:87,5
DA:88,5
DA:89,8
DA:90,8
DA:91,8
DA:92,8
DA:93,8
DA:94,5
DA:95,3
DA:96,8
DA:98,8
DA:99,8
DA:100,5
DA:101,5
DA:103,5
DA:104,5
DA:106,17
DA:108,17
LF:85
LH:85
BRDA:10,0,0,17
BRDA:53,1,0,6
BRDA:59,2,0,11
BRDA:61,3,0,6
BRDA:74,4,0,2
BRDA:74,5,0,4
BRDA:76,6,0,1
BRDA:83,7,0,5
BRDA:17,8,0,7
BRDA:21,9,0,5
BRDA:27,10,0,3
BRDA:28,11,0,1
BRDA:30,12,0,6
BRDA:22,13,0,5
BRDA:27,14,0,3
BRDA:35,15,0,6
BRDA:39,16,0,2
BRDA:43,17,0,1
BRDA:46,18,0,0
BRDA:88,19,0,8
BRDA:93,20,0,5
BRDA:94,21,0,3
BRDA:91,22,0,1
BRF:23
BRH:22
end_of_record
